Application for Cybersecurity Internship at Hilti Group

Dear Hiring Manager,

I am writing to express my interest in the Cybersecurity Internship at Hilti Group, as advertised on LinkedIn. I am currently a final-year Bachelor of Computer Science (Information Security) student at Universiti Tun Hussein Onn Malaysia (UTHM), with practical exposure to network security, vulnerability assessment, and incident response simulation using tools such as Nmap and Kali Linux. I am eager to contribute to real-world cybersecurity initiatives while learning from experienced professionals

Throughout my studies, I have participated in projects that involved conducting basic risk assessments, drafting security guidelines, and presenting solution-based recommendationsâ€”skills that align well with Hiltiâ€™s focus on internal consulting and awareness campaigns. I also hold standard understanding of secure infrastructure design and access control. I am particularly drawn to Hiltiâ€™s structured mentorship approach and the opportunity to engage in both technical engineering tasks and strategic security program support.

I am highly motivated to contribute to your cybersecurity team while developing my skills further under professional guidance. I have attached my resume for your consideration and would welcome the opportunity to discuss how I can support your security objectives. Thank you for reviewing my application.

Yours faithfully,
Idris Ahmad Yakubu
016-621 6277
waleeydidris@gmail.com2025-10-13 18:46:22,517 - INFO - [31m[1mWARNING: This is a development server. Do not use it in a production deployment. Use a production WSGI server instead.[0m
 * Running on http://127.0.0.1:5000
2025-10-13 18:46:22,517 - INFO - [33mPress CTRL+C to quit[0m
2025-10-13 18:46:32,207 - INFO - Request from 127.0.0.1 to index
2025-10-13 18:46:32,227 - INFO - 127.0.0.1 - - [13/Oct/2025 18:46:32] "GET / HTTP/1.1" 200 -
2025-10-13 18:46:32,402 - INFO - 127.0.0.1 - - [13/Oct/2025 18:46:32] "GET /static/style.css HTTP/1.1" 200 -
2025-10-13 18:46:34,286 - INFO - 127.0.0.1 - - [13/Oct/2025 18:46:34] "[33mGET /favicon.ico HTTP/1.1[0m" 404 -
2025-10-13 18:46:49,718 - INFO - Request from 127.0.0.1 to predict
2025-10-13 18:46:49,768 - INFO - File uploaded: 00A0WLZE5X_1760352409.jpg, hash: a4542f512fd954735a977ac7ab257e50a0be695e4e091ebe9d40272818b2a9b2
2025-10-13 18:46:54,642 - INFO - Prediction completed for 00A0WLZE5X_1760352409.jpg: Fake (96.1500015258789%)
2025-10-13 18:46:54,644 - INFO - 127.0.0.1 - - [13/Oct/2025 18:46:54] "POST /predict HTTP/1.1" 200 -
2025-10-13 18:46:54,690 - INFO - 127.0.0.1 - - [13/Oct/2025 18:46:54] "[36mGET /static/style.css HTTP/1.1[0m" 304 -
2025-10-13 18:47:07,325 - INFO - Request from 127.0.0.1 to predict
2025-10-13 18:47:07,341 - INFO - File uploaded: 00AUP94LQS_1760352427.jpg, hash: 1291dff1de3f67a11bf673b07c7313d8cb904ce01363e3ab316a064c7fbe63d1
2025-10-13 18:47:08,773 - INFO - Prediction completed for 00AUP94LQS_1760352427.jpg: Fake (95.22000122070312%)
2025-10-13 18:47:08,777 - INFO - 127.0.0.1 - - [13/Oct/2025 18:47:08] "POST /predict HTTP/1.1" 200 -
2025-10-13 18:47:08,807 - INFO - 127.0.0.1 - - [13/Oct/2025 18:47:08] "[36mGET /static/style.css HTTP/1.1[0m" 304 -
2025-10-13 18:47:15,354 - INFO - Request from 127.0.0.1 to predict
2025-10-13 18:47:15,366 - INFO - File uploaded: 00B4R41FLE_1760352435.jpg, hash: cb2065aa055e961cd40e12f189b856e18c0a639b8f320ce7cf982235071ef94a
2025-10-13 18:47:16,054 - INFO - Prediction completed for 00B4R41FLE_1760352435.jpg: Fake (99.98999786376953%)
2025-10-13 18:47:16,056 - INFO - 127.0.0.1 - - [13/Oct/2025 18:47:16] "POST /predict HTTP/1.1" 200 -
2025-10-13 18:47:16,083 - INFO - 127.0.0.1 - - [13/Oct/2025 18:47:16] "[36mGET /static/style.css HTTP/1.1[0m" 304 -
2025-10-13 18:47:20,524 - INFO - Request from 127.0.0.1 to predict
2025-10-13 18:47:20,535 - INFO - File uploaded: 00C64W8TYZ_1760352440.jpg, hash: 57c3e82f161445705c4ee3df7e6530a28625f5ee6dccebab35ab2dfbd276c01e
2025-10-13 18:47:21,258 - INFO - Prediction completed for 00C64W8TYZ_1760352440.jpg: Fake (95.7300033569336%)
2025-10-13 18:47:21,260 - INFO - 127.0.0.1 - - [13/Oct/2025 18:47:21] "POST /predict HTTP/1.1" 200 -
2025-10-13 18:47:21,288 - INFO - 127.0.0.1 - - [13/Oct/2025 18:47:21] "[36mGET /static/style.css HTTP/1.1[0m" 304 -
2025-10-13 18:47:26,214 - INFO - Request from 127.0.0.1 to predict
2025-10-13 18:47:26,224 - INFO - File uploaded: 00CB415UQ7_1760352446.jpg, hash: 4f3273d526da6e7891d5312a4b303940213be829ae2c63ba5aadd64f64ad8ab0
2025-10-13 18:47:26,889 - INFO - Prediction completed for 00CB415UQ7_1760352446.jpg: Fake (99.95999908447266%)
2025-10-13 18:47:26,891 - INFO - 127.0.0.1 - - [13/Oct/2025 18:47:26] "POST /predict HTTP/1.1" 200 -
2025-10-13 18:47:26,916 - INFO - 127.0.0.1 - - [13/Oct/2025 18:47:26] "[36mGET /static/style.css HTTP/1.1[0m" 304 -
2025-10-13 18:47:31,078 - INFO - Request from 127.0.0.1 to predict
2025-10-13 18:47:31,087 - INFO - File uploaded: 001DDU0NI4_1760352451.jpg, hash: d8863793365684f7c5c2173c6f14fa4ec4ecfe0b94858a38c9de245b4d2dbf5e
2025-10-13 18:47:31,763 - INFO - Prediction completed for 001DDU0NI4_1760352451.jpg: Fake (99.62000274658203%)
2025-10-13 18:47:31,764 - INFO - 127.0.0.1 - - [13/Oct/2025 18:47:31] "POST /predict HTTP/1.1" 200 -
2025-10-13 18:47:31,794 - INFO - 127.0.0.1 - - [13/Oct/2025 18:47:31] "[36mGET /static/style.css HTTP/1.1[0m" 304 -
2025-10-13 18:47:35,943 - INFO - Request from 127.0.0.1 to predict
2025-10-13 18:47:35,953 - INFO - File uploaded: 002KDWZBHU_1760352455.jpg, hash: 75bd30b1011172995a66a60766ca492ecc2e88214612a64ff27ee37bae8a9e32
2025-10-13 18:47:36,608 - INFO - Prediction completed for 002KDWZBHU_1760352455.jpg: Real (70.73999786376953%)
2025-10-13 18:47:36,611 - INFO - 127.0.0.1 - - [13/Oct/2025 18:47:36] "POST /predict HTTP/1.1" 200 -
2025-10-13 18:47:36,637 - INFO - 127.0.0.1 - - [13/Oct/2025 18:47:36] "[36mGET /static/style.css HTTP/1.1[0m" 304 -
2025-10-13 18:47:42,017 - INFO - Request from 127.0.0.1 to predict
2025-10-13 18:47:42,030 - INFO - File uploaded: 002PMM0QG9_1760352462.jpg, hash: ba72912672e78bde8eabc80df9dd7a4a9e8560884efa81427d0625d3f1c4c42a
2025-10-13 18:47:42,708 - INFO - Prediction completed for 002PMM0QG9_1760352462.jpg: Fake (98.77999877929688%)
2025-10-13 18:47:42,711 - INFO - 127.0.0.1 - - [13/Oct/2025 18:47:42] "POST /predict HTTP/1.1" 200 -
2025-10-13 18:47:42,739 - INFO - 127.0.0.1 - - [13/Oct/2025 18:47:42] "[36mGET /static/style.css HTTP/1.1[0m" 304 -
2025-10-13 18:47:48,602 - INFO - Request from 127.0.0.1 to predict
2025-10-13 18:47:48,612 - INFO - File uploaded: 002TJAKUYX_1760352468.jpg, hash: 86fe6788763ad4b37283f99b6562ea2713a0164344dd55582402b315da86a80f
2025-10-13 18:47:49,375 - INFO - Prediction completed for 002TJAKUYX_1760352468.jpg: Fake (99.87000274658203%)
2025-10-13 18:47:49,377 - INFO - 127.0.0.1 - - [13/Oct/2025 18:47:49] "POST /predict HTTP/1.1" 200 -
2025-10-13 18:47:49,402 - INFO - 127.0.0.1 - - [13/Oct/2025 18:47:49] "[36mGET /static/style.css HTTP/1.1[0m" 304 -
2025-10-13 18:47:55,400 - INFO - Request from 127.0.0.1 to predict
2025-10-13 18:47:55,411 - INFO - File uploaded: 003IRD4LS5_1760352475.jpg, hash: 790e682434647b34a248b27657e3e20cb88d79af71f57c3c3be594fdc5af45ad
2025-10-13 18:47:56,070 - INFO - Prediction completed for 003IRD4LS5_1760352475.jpg: Fake (99.38999938964844%)
2025-10-13 18:47:56,072 - INFO - 127.0.0.1 - - [13/Oct/2025 18:47:56] "POST /predict HTTP/1.1" 200 -
2025-10-13 18:47:56,098 - INFO - 127.0.0.1 - - [13/Oct/2025 18:47:56] "[36mGET /static/style.css HTTP/1.1[0m" 304 -
2025-10-13 18:49:49,635 - INFO - Request from 127.0.0.1 to predict
2025-10-13 18:49:49,646 - INFO - File uploaded: 00000_1760352589.jpg, hash: 2cb2c51c1f2b4f1ccd35513b12cd360a71cfc779fc7c1a0de3a21f0d8e7488a5
2025-10-13 18:49:50,392 - INFO - Prediction completed for 00000_1760352589.jpg: Fake (98.69000244140625%)
2025-10-13 18:49:50,396 - INFO - 127.0.0.1 - - [13/Oct/2025 18:49:50] "POST /predict HTTP/1.1" 200 -
2025-10-13 18:49:50,419 - INFO - 127.0.0.1 - - [13/Oct/2025 18:49:50] "[36mGET /static/style.css HTTP/1.1[0m" 304 -
2025-10-13 18:49:57,191 - INFO - Request from 127.0.0.1 to predict
2025-10-13 18:49:57,201 - INFO - File uploaded: 00002_1760352597.jpg, hash: 30e1482ab8f16cec6c694387e6d24a3129d38bc3714f192c804a18065080293f
2025-10-13 18:49:57,891 - INFO - Prediction completed for 00002_1760352597.jpg: Fake (98.81999969482422%)
2025-10-13 18:49:57,893 - INFO - 127.0.0.1 - - [13/Oct/2025 18:49:57] "POST /predict HTTP/1.1" 200 -
2025-10-13 18:49:57,922 - INFO - 127.0.0.1 - - [13/Oct/2025 18:49:57] "[36mGET /static/style.css HTTP/1.1[0m" 304 -
2025-10-13 18:50:03,014 - INFO - Request from 127.0.0.1 to predict
2025-10-13 18:50:03,028 - INFO - File uploaded: 00003_1760352603.jpg, hash: df6c30b16e2523277d7288a5edb71914500f8214106987f13356036c01ff7db2
2025-10-13 18:50:03,780 - INFO - Prediction completed for 00003_1760352603.jpg: Fake (86.91999816894531%)
2025-10-13 18:50:03,782 - INFO - 127.0.0.1 - - [13/Oct/2025 18:50:03] "POST /predict HTTP/1.1" 200 -
2025-10-13 18:50:03,813 - INFO - 127.0.0.1 - - [13/Oct/2025 18:50:03] "[36mGET /static/style.css HTTP/1.1[0m" 304 -
2025-10-13 18:50:10,240 - INFO - Request from 127.0.0.1 to predict
2025-10-13 18:50:10,251 - INFO - File uploaded: 00006_1760352610.jpg, hash: 6b07bc3cc65eff29369ea6fa726b341e42620a8917f7da7ecde5d98f1f8f66a1
2025-10-13 18:50:10,960 - INFO - Prediction completed for 00006_1760352610.jpg: Fake (99.30000305175781%)
2025-10-13 18:50:10,962 - INFO - 127.0.0.1 - - [13/Oct/2025 18:50:10] "POST /predict HTTP/1.1" 200 -
2025-10-13 18:50:10,989 - INFO - 127.0.0.1 - - [13/Oct/2025 18:50:10] "[36mGET /static/style.css HTTP/1.1[0m" 304 -
2025-10-13 18:50:15,908 - INFO - Request from 127.0.0.1 to predict
2025-10-13 18:50:15,922 - INFO - File uploaded: 00009_1760352615.jpg, hash: ae7960c80122e0819df7b64e6c35e09549655a2b9d299fed9ad325a59da2dda9
2025-10-13 18:50:16,656 - INFO - Prediction completed for 00009_1760352615.jpg: Fake (99.87000274658203%)
2025-10-13 18:50:16,658 - INFO - 127.0.0.1 - - [13/Oct/2025 18:50:16] "POST /predict HTTP/1.1" 200 -
2025-10-13 18:50:16,689 - INFO - 127.0.0.1 - - [13/Oct/2025 18:50:16] "[36mGET /static/style.css HTTP/1.1[0m" 304 -
2025-10-13 18:50:21,013 - INFO - Request from 127.0.0.1 to predict
2025-10-13 18:50:21,033 - INFO - File uploaded: 00010_1760352621.jpg, hash: c4ad0614b8952d4434871ca4eb01f7b7dbbc8eced09dad3e3c861536ccd955fd
2025-10-13 18:50:21,707 - INFO - Prediction completed for 00010_1760352621.jpg: Fake (99.97000122070312%)
2025-10-13 18:50:21,709 - INFO - 127.0.0.1 - - [13/Oct/2025 18:50:21] "POST /predict HTTP/1.1" 200 -
2025-10-13 18:50:21,736 - INFO - 127.0.0.1 - - [13/Oct/2025 18:50:21] "[36mGET /static/style.css HTTP/1.1[0m" 304 -
2025-10-13 18:50:26,300 - INFO - Request from 127.0.0.1 to predict
2025-10-13 18:50:26,311 - INFO - File uploaded: 00011_1760352626.jpg, hash: 61642513dd130ac95d20a2433641c1792511a0d414a603fa788fab50442bc633
2025-10-13 18:50:27,028 - INFO - Prediction completed for 00011_1760352626.jpg: Fake (99.81999969482422%)
2025-10-13 18:50:27,031 - INFO - 127.0.0.1 - - [13/Oct/2025 18:50:27] "POST /predict HTTP/1.1" 200 -
2025-10-13 18:50:27,057 - INFO - 127.0.0.1 - - [13/Oct/2025 18:50:27] "[36mGET /static/style.css HTTP/1.1[0m" 304 -
2025-10-13 18:50:31,706 - INFO - Request from 127.0.0.1 to predict
2025-10-13 18:50:31,717 - INFO - File uploaded: 00012_1760352631.jpg, hash: a41a977f9d37e565eb0277e183bfff42b38f0418042a40b6bc726d3c1e9f30b6
2025-10-13 18:50:32,420 - INFO - Prediction completed for 00012_1760352631.jpg: Fake (99.87999725341797%)
2025-10-13 18:50:32,427 - INFO - 127.0.0.1 - - [13/Oct/2025 18:50:32] "POST /predict HTTP/1.1" 200 -
2025-10-13 18:50:32,454 - INFO - 127.0.0.1 - - [13/Oct/2025 18:50:32] "[36mGET /static/style.css HTTP/1.1[0m" 304 -
2025-10-13 18:50:39,316 - INFO - Request from 127.0.0.1 to predict
2025-10-13 18:50:39,335 - INFO - File uploaded: 00013_1760352639.jpg, hash: 708e081194ea083ac7cd917ebe284fcdef9522cc3d959ce58568000ba56b22aa
2025-10-13 18:50:40,038 - INFO - Prediction completed for 00013_1760352639.jpg: Fake (97.4800033569336%)
2025-10-13 18:50:40,040 - INFO - 127.0.0.1 - - [13/Oct/2025 18:50:40] "POST /predict HTTP/1.1" 200 -
2025-10-13 18:50:40,067 - INFO - 127.0.0.1 - - [13/Oct/2025 18:50:40] "[36mGET /static/style.css HTTP/1.1[0m" 304 -
2025-10-13 18:50:44,980 - INFO - Request from 127.0.0.1 to predict
2025-10-13 18:50:44,990 - INFO - File uploaded: 00014_1760352644.jpg, hash: 2c0e39ec08bfadc9f1dd92ed4132678c27017d6bd1dffcac98a9e630c3373340
2025-10-13 18:50:45,734 - INFO - Prediction completed for 00014_1760352644.jpg: Fake (88.05000305175781%)
2025-10-13 18:50:45,737 - INFO - 127.0.0.1 - - [13/Oct/2025 18:50:45] "POST /predict HTTP/1.1" 200 -
2025-10-13 18:50:45,771 - INFO - 127.0.0.1 - - [13/Oct/2025 18:50:45] "[36mGET /static/style.css HTTP/1.1[0m" 304 -
2025-10-13 18:51:27,819 - INFO - Request from 127.0.0.1 to predict
2025-10-13 18:51:27,832 - INFO - File uploaded: 00014_1760352687.jpg, hash: 2c0e39ec08bfadc9f1dd92ed4132678c27017d6bd1dffcac98a9e630c3373340
2025-10-13 18:51:28,751 - INFO - Prediction completed for 00014_1760352687.jpg: Fake (88.05000305175781%)
2025-10-13 18:51:28,753 - INFO - 127.0.0.1 - - [13/Oct/2025 18:51:28] "POST /predict HTTP/1.1" 200 -
2025-10-13 18:51:28,783 - INFO - 127.0.0.1 - - [13/Oct/2025 18:51:28] "[36mGET /static/style.css HTTP/1.1[0m" 304 -
2025-10-13 18:51:33,372 - INFO - Request from 127.0.0.1 to predict
2025-10-13 18:51:33,382 - INFO - File uploaded: real1_1760352693.jpg, hash: dead326543dd03cdd0464f70b183e334afaf239b8072560097640a30b887fdb2
2025-10-13 18:51:34,106 - INFO - Prediction completed for real1_1760352693.jpg: Real (99.94000244140625%)
2025-10-13 18:51:34,108 - INFO - 127.0.0.1 - - [13/Oct/2025 18:51:34] "POST /predict HTTP/1.1" 200 -
2025-10-13 18:51:34,136 - INFO - 127.0.0.1 - - [13/Oct/2025 18:51:34] "[36mGET /static/style.css HTTP/1.1[0m" 304 -
2025-10-13 18:51:38,561 - INFO - Request from 127.0.0.1 to predict
2025-10-13 18:51:38,572 - INFO - File uploaded: real2_1760352698.jpg, hash: 956d573d05b43067830bc167b05a252ca4b99e4339b30a259f8cb9369dcbcb17
2025-10-13 18:51:39,364 - INFO - Prediction completed for real2_1760352698.jpg: Real (99.76000213623047%)
2025-10-13 18:51:39,367 - INFO - 127.0.0.1 - - [13/Oct/2025 18:51:39] "POST /predict HTTP/1.1" 200 -
2025-10-13 18:51:39,400 - INFO - 127.0.0.1 - - [13/Oct/2025 18:51:39] "[36mGET /static/style.css HTTP/1.1[0m" 304 -
2025-10-13 18:51:45,505 - INFO - Request from 127.0.0.1 to predict
2025-10-13 18:51:45,520 - INFO - File uploaded: real3_1760352705.jpg, hash: d3bc98a27dc7115e2fa1e90b55f088c568139c0895cf1751116edbb509df4d08
2025-10-13 18:51:46,327 - INFO - Prediction completed for real3_1760352705.jpg: Real (81.36000061035156%)
2025-10-13 18:51:46,330 - INFO - 127.0.0.1 - - [13/Oct/2025 18:51:46] "POST /predict HTTP/1.1" 200 -
2025-10-13 18:51:46,355 - INFO - 127.0.0.1 - - [13/Oct/2025 18:51:46] "[36mGET /static/style.css HTTP/1.1[0m" 304 -
2025-10-13 18:55:00,025 - INFO - Request from 127.0.0.1 to predict
2025-10-13 18:55:00,037 - INFO - File uploaded: 00C64W8TYZ_1760352900.jpg, hash: 57c3e82f161445705c4ee3df7e6530a28625f5ee6dccebab35ab2dfbd276c01e
2025-10-13 18:55:00,784 - INFO - Prediction completed for 00C64W8TYZ_1760352900.jpg: Fake (95.7300033569336%)
2025-10-13 18:55:00,790 - INFO - 127.0.0.1 - - [13/Oct/2025 18:55:00] "POST /predict HTTP/1.1" 200 -
2025-10-13 18:55:00,816 - INFO - 127.0.0.1 - - [13/Oct/2025 18:55:00] "[36mGET /static/style.css HTTP/1.1[0m" 304 -
2025-10-13 18:55:06,537 - INFO - Request from 127.0.0.1 to predict
2025-10-13 18:55:06,547 - INFO - File uploaded: 00CB415UQ7_1760352906.jpg, hash: 4f3273d526da6e7891d5312a4b303940213be829ae2c63ba5aadd64f64ad8ab0
2025-10-13 18:55:07,231 - INFO - Prediction completed for 00CB415UQ7_1760352906.jpg: Fake (99.95999908447266%)
2025-10-13 18:55:07,233 - INFO - 127.0.0.1 - - [13/Oct/2025 18:55:07] "POST /predict HTTP/1.1" 200 -
2025-10-13 18:55:07,260 - INFO - 127.0.0.1 - - [13/Oct/2025 18:55:07] "[36mGET /static/style.css HTTP/1.1[0m" 304 -
2025-10-13 18:55:12,884 - INFO - Request from 127.0.0.1 to predict
2025-10-13 18:55:12,897 - INFO - File uploaded: 001DDU0NI4_1760352912.jpg, hash: d8863793365684f7c5c2173c6f14fa4ec4ecfe0b94858a38c9de245b4d2dbf5e
2025-10-13 18:55:13,602 - INFO - Prediction completed for 001DDU0NI4_1760352912.jpg: Fake (99.62000274658203%)
2025-10-13 18:55:13,604 - INFO - 127.0.0.1 - - [13/Oct/2025 18:55:13] "POST /predict HTTP/1.1" 200 -
2025-10-13 18:55:13,643 - INFO - 127.0.0.1 - - [13/Oct/2025 18:55:13] "[36mGET /static/style.css HTTP/1.1[0m" 304 -
2025-10-13 18:55:17,533 - INFO - Request from 127.0.0.1 to predict
2025-10-13 18:55:17,541 - INFO - File uploaded: 002KDWZBHU_1760352917.jpg, hash: 75bd30b1011172995a66a60766ca492ecc2e88214612a64ff27ee37bae8a9e32
2025-10-13 18:55:18,225 - INFO - Prediction completed for 002KDWZBHU_1760352917.jpg: Real (70.73999786376953%)
2025-10-13 18:55:18,226 - INFO - 127.0.0.1 - - [13/Oct/2025 18:55:18] "POST /predict HTTP/1.1" 200 -
2025-10-13 18:55:18,256 - INFO - 127.0.0.1 - - [13/Oct/2025 18:55:18] "[36mGET /static/style.css HTTP/1.1[0m" 304 -
2025-11-03 23:09:59,436 - INFO - [31m[1mWARNING: This is a development server. Do not use it in a production deployment. Use a production WSGI server instead.[0m
 * Running on http://127.0.0.1:5000
2025-11-03 23:09:59,437 - INFO - [33mPress CTRL+C to quit[0m
2025-11-03 23:13:16,875 - INFO - Request from 127.0.0.1 to index
2025-11-03 23:13:17,000 - INFO - 127.0.0.1 - - [03/Nov/2025 23:13:17] "GET / HTTP/1.1" 200 -
2025-11-03 23:13:17,141 - INFO - 127.0.0.1 - - [03/Nov/2025 23:13:17] "[36mGET /static/style.css HTTP/1.1[0m" 304 -
2025-11-03 23:13:18,974 - INFO - 127.0.0.1 - - [03/Nov/2025 23:13:18] "[33mGET /favicon.ico HTTP/1.1[0m" 404 -
2025-11-03 23:13:58,100 - INFO - Request from 127.0.0.1 to predict
2025-11-03 23:13:58,139 - INFO - File uploaded: 00ELJIYESN_1762182838.jpg, hash: b04dd086fb9863a71e8b3805a1dc1539f97af36e1c374db8f228cef13aa053af
2025-11-03 23:14:01,071 - INFO - Prediction completed for 00ELJIYESN_1762182838.jpg: Fake (98.58000183105469%)
2025-11-03 23:14:01,073 - INFO - 127.0.0.1 - - [03/Nov/2025 23:14:01] "POST /predict HTTP/1.1" 200 -
2025-11-03 23:14:01,117 - INFO - 127.0.0.1 - - [03/Nov/2025 23:14:01] "[36mGET /static/style.css HTTP/1.1[0m" 304 -
2025-11-03 23:16:06,451 - INFO - Request from 127.0.0.1 to predict
2025-11-03 23:16:06,471 - INFO - File uploaded: 00A0WLZE5X_1762182966.jpg, hash: a4542f512fd954735a977ac7ab257e50a0be695e4e091ebe9d40272818b2a9b2
2025-11-03 23:16:06,862 - INFO - Prediction completed for 00A0WLZE5X_1762182966.jpg: Fake (96.1500015258789%)
2025-11-03 23:16:06,871 - INFO - 127.0.0.1 - - [03/Nov/2025 23:16:06] "POST /predict HTTP/1.1" 200 -
2025-11-03 23:16:06,902 - INFO - 127.0.0.1 - - [03/Nov/2025 23:16:06] "[36mGET /static/style.css HTTP/1.1[0m" 304 -
2025-11-03 23:16:27,779 - INFO - Request from 127.0.0.1 to predict
2025-11-03 23:16:27,791 - INFO - File uploaded: 00AUP94LQS_1762182987.jpg, hash: 1291dff1de3f67a11bf673b07c7313d8cb904ce01363e3ab316a064c7fbe63d1
2025-11-03 23:16:28,174 - INFO - Prediction completed for 00AUP94LQS_1762182987.jpg: Fake (95.22000122070312%)
2025-11-03 23:16:28,174 - INFO - 127.0.0.1 - - [03/Nov/2025 23:16:28] "POST /predict HTTP/1.1" 200 -
2025-11-03 23:16:28,208 - INFO - 127.0.0.1 - - [03/Nov/2025 23:16:28] "[36mGET /static/style.css HTTP/1.1[0m" 304 -
2025-11-03 23:16:40,947 - INFO - Request from 127.0.0.1 to predict
2025-11-03 23:16:40,962 - INFO - File uploaded: 00B4R41FLE_1762183000.jpg, hash: cb2065aa055e961cd40e12f189b856e18c0a639b8f320ce7cf982235071ef94a
2025-11-03 23:16:41,334 - INFO - Prediction completed for 00B4R41FLE_1762183000.jpg: Fake (99.98999786376953%)
2025-11-03 23:16:41,334 - INFO - 127.0.0.1 - - [03/Nov/2025 23:16:41] "POST /predict HTTP/1.1" 200 -
2025-11-03 23:16:41,366 - INFO - 127.0.0.1 - - [03/Nov/2025 23:16:41] "[36mGET /static/style.css HTTP/1.1[0m" 304 -
2025-11-03 23:16:56,101 - INFO - Request from 127.0.0.1 to predict
2025-11-03 23:16:56,111 - INFO - File uploaded: 00C64W8TYZ_1762183016.jpg, hash: 57c3e82f161445705c4ee3df7e6530a28625f5ee6dccebab35ab2dfbd276c01e
2025-11-03 23:16:56,502 - INFO - Prediction completed for 00C64W8TYZ_1762183016.jpg: Fake (95.7300033569336%)
2025-11-03 23:16:56,535 - INFO - 127.0.0.1 - - [03/Nov/2025 23:16:56] "POST /predict HTTP/1.1" 200 -
2025-11-03 23:16:56,569 - INFO - 127.0.0.1 - - [03/Nov/2025 23:16:56] "[36mGET /static/style.css HTTP/1.1[0m" 304 -
2025-11-03 23:17:23,362 - INFO - Request from 127.0.0.1 to predict
2025-11-03 23:17:23,380 - INFO - File uploaded: 00CB415UQ7_1762183043.jpg, hash: 4f3273d526da6e7891d5312a4b303940213be829ae2c63ba5aadd64f64ad8ab0
2025-11-03 23:17:23,797 - INFO - Prediction completed for 00CB415UQ7_1762183043.jpg: Fake (99.95999908447266%)
2025-11-03 23:17:23,802 - INFO - 127.0.0.1 - - [03/Nov/2025 23:17:23] "POST /predict HTTP/1.1" 200 -
2025-11-03 23:17:23,830 - INFO - 127.0.0.1 - - [03/Nov/2025 23:17:23] "[36mGET /static/style.css HTTP/1.1[0m" 304 -
2025-11-03 23:17:36,951 - INFO - Request from 127.0.0.1 to predict
2025-11-03 23:17:36,962 - INFO - File uploaded: 00ELJIYESN_1762183056.jpg, hash: b04dd086fb9863a71e8b3805a1dc1539f97af36e1c374db8f228cef13aa053af
2025-11-03 23:17:37,330 - INFO - Prediction completed for 00ELJIYESN_1762183056.jpg: Fake (98.58000183105469%)
2025-11-03 23:17:37,332 - INFO - 127.0.0.1 - - [03/Nov/2025 23:17:37] "POST /predict HTTP/1.1" 200 -
2025-11-03 23:17:37,362 - INFO - 127.0.0.1 - - [03/Nov/2025 23:17:37] "[36mGET /static/style.css HTTP/1.1[0m" 304 -
2025-11-03 23:17:54,435 - INFO - Request from 127.0.0.1 to predict
2025-11-03 23:17:54,446 - INFO - File uploaded: 001DDU0NI4_1762183074.jpg, hash: d8863793365684f7c5c2173c6f14fa4ec4ecfe0b94858a38c9de245b4d2dbf5e
2025-11-03 23:17:54,840 - INFO - Prediction completed for 001DDU0NI4_1762183074.jpg: Fake (99.62000274658203%)
2025-11-03 23:17:54,842 - INFO - 127.0.0.1 - - [03/Nov/2025 23:17:54] "POST /predict HTTP/1.1" 200 -
2025-11-03 23:17:54,874 - INFO - 127.0.0.1 - - [03/Nov/2025 23:17:54] "[36mGET /static/style.css HTTP/1.1[0m" 304 -
2025-11-03 23:18:12,124 - INFO - Request from 127.0.0.1 to predict
2025-11-03 23:18:12,136 - INFO - File uploaded: 002KDWZBHU_1762183092.jpg, hash: 75bd30b1011172995a66a60766ca492ecc2e88214612a64ff27ee37bae8a9e32
2025-11-03 23:18:12,517 - INFO - Prediction completed for 002KDWZBHU_1762183092.jpg: Real (70.73999786376953%)
2025-11-03 23:18:12,519 - INFO - 127.0.0.1 - - [03/Nov/2025 23:18:12] "POST /predict HTTP/1.1" 200 -
2025-11-03 23:18:12,552 - INFO - 127.0.0.1 - - [03/Nov/2025 23:18:12] "[36mGET /static/style.css HTTP/1.1[0m" 304 -
2025-11-03 23:18:30,336 - INFO - Request from 127.0.0.1 to predict
2025-11-03 23:18:30,352 - INFO - File uploaded: 002PMM0QG9_1762183110.jpg, hash: ba72912672e78bde8eabc80df9dd7a4a9e8560884efa81427d0625d3f1c4c42a
2025-11-03 23:18:30,762 - INFO - Prediction completed for 002PMM0QG9_1762183110.jpg: Fake (98.77999877929688%)
2025-11-03 23:18:30,762 - INFO - 127.0.0.1 - - [03/Nov/2025 23:18:30] "POST /predict HTTP/1.1" 200 -
2025-11-03 23:18:30,794 - INFO - 127.0.0.1 - - [03/Nov/2025 23:18:30] "[36mGET /static/style.css HTTP/1.1[0m" 304 -
2025-11-03 23:18:44,728 - INFO - Request from 127.0.0.1 to predict
2025-11-03 23:18:44,736 - INFO - File uploaded: 002TJAKUYX_1762183124.jpg, hash: 86fe6788763ad4b37283f99b6562ea2713a0164344dd55582402b315da86a80f
2025-11-03 23:18:45,165 - INFO - Prediction completed for 002TJAKUYX_1762183124.jpg: Fake (99.87000274658203%)
2025-11-03 23:18:45,165 - INFO - 127.0.0.1 - - [03/Nov/2025 23:18:45] "POST /predict HTTP/1.1" 200 -
2025-11-03 23:18:45,203 - INFO - 127.0.0.1 - - [03/Nov/2025 23:18:45] "[36mGET /static/style.css HTTP/1.1[0m" 304 -
2025-11-03 23:19:04,458 - INFO - Request from 127.0.0.1 to predict
2025-11-03 23:19:04,467 - INFO - File uploaded: 003IRD4LS5_1762183144.jpg, hash: 790e682434647b34a248b27657e3e20cb88d79af71f57c3c3be594fdc5af45ad
2025-11-03 23:19:04,835 - INFO - Prediction completed for 003IRD4LS5_1762183144.jpg: Fake (99.38999938964844%)
2025-11-03 23:19:04,843 - INFO - 127.0.0.1 - - [03/Nov/2025 23:19:04] "POST /predict HTTP/1.1" 200 -
2025-11-03 23:19:04,871 - INFO - 127.0.0.1 - - [03/Nov/2025 23:19:04] "[36mGET /static/style.css HTTP/1.1[0m" 304 -
2025-11-03 23:31:50,054 - INFO - Request from 127.0.0.1 to predict
2025-11-03 23:31:50,063 - INFO - File uploaded: 00ELSET7NI_1762183910.jpg, hash: c2e42691c26e3528427e21e8781f303eb60d9e349d641749ac7bbd44ae91f018
2025-11-03 23:31:50,451 - INFO - Prediction completed for 00ELSET7NI_1762183910.jpg: Fake (99.12000274658203%)
2025-11-03 23:31:50,451 - INFO - 127.0.0.1 - - [03/Nov/2025 23:31:50] "POST /predict HTTP/1.1" 200 -
2025-11-03 23:31:50,491 - INFO - 127.0.0.1 - - [03/Nov/2025 23:31:50] "[36mGET /static/style.css HTTP/1.1[0m" 304 -
2025-11-03 23:32:07,361 - INFO - Request from 127.0.0.1 to predict
2025-11-03 23:32:07,378 - INFO - File uploaded: 00G7CTY1FF_1762183927.jpg, hash: 58ebe98e765d5abc572b4014cd7335f1fd77ed842b93a455829b12399b7d8d92
2025-11-03 23:32:07,755 - INFO - Prediction completed for 00G7CTY1FF_1762183927.jpg: Fake (98.6500015258789%)
2025-11-03 23:32:07,762 - INFO - 127.0.0.1 - - [03/Nov/2025 23:32:07] "POST /predict HTTP/1.1" 200 -
2025-11-03 23:32:07,795 - INFO - 127.0.0.1 - - [03/Nov/2025 23:32:07] "[36mGET /static/style.css HTTP/1.1[0m" 304 -
2025-11-03 23:32:33,480 - INFO - Request from 127.0.0.1 to predict
2025-11-03 23:32:33,492 - INFO - File uploaded: 00GO3W8WCY_1762183953.jpg, hash: 77bed7553ffd73928644644acd80a1e42edc1cd68d3e642f3225cf316483abb3
2025-11-03 23:32:33,855 - INFO - Prediction completed for 00GO3W8WCY_1762183953.jpg: Fake (99.05999755859375%)
2025-11-03 23:32:33,862 - INFO - 127.0.0.1 - - [03/Nov/2025 23:32:33] "POST /predict HTTP/1.1" 200 -
2025-11-03 23:32:33,895 - INFO - 127.0.0.1 - - [03/Nov/2025 23:32:33] "[36mGET /static/style.css HTTP/1.1[0m" 304 -
2025-11-03 23:32:55,236 - INFO - Request from 127.0.0.1 to predict
2025-11-03 23:32:55,250 - INFO - File uploaded: 00GYML2PNL_1762183975.jpg, hash: 8787180e00f186fd20ac0de7052b1e3699fe5f92a0e1afb2edcf838741c8cdc2
2025-11-03 23:32:55,607 - INFO - Prediction completed for 00GYML2PNL_1762183975.jpg: Fake (99.7300033569336%)
2025-11-03 23:32:55,607 - INFO - 127.0.0.1 - - [03/Nov/2025 23:32:55] "POST /predict HTTP/1.1" 200 -
2025-11-03 23:32:55,640 - INFO - 127.0.0.1 - - [03/Nov/2025 23:32:55] "[36mGET /static/style.css HTTP/1.1[0m" 304 -
2025-11-03 23:33:09,320 - INFO - Request from 127.0.0.1 to predict
2025-11-03 23:33:09,330 - INFO - File uploaded: 00HZSJQ99D_1762183989.jpg, hash: b8fa29fbeec2ddb1bdbc0ee2d39eb2e1dc5faaacc19929d3cbcfbd96d6e0fe6d
2025-11-03 23:33:09,726 - INFO - Prediction completed for 00HZSJQ99D_1762183989.jpg: Real (88.25%)
2025-11-03 23:33:09,726 - INFO - 127.0.0.1 - - [03/Nov/2025 23:33:09] "POST /predict HTTP/1.1" 200 -
2025-11-03 23:33:09,762 - INFO - 127.0.0.1 - - [03/Nov/2025 23:33:09] "[36mGET /static/style.css HTTP/1.1[0m" 304 -
2025-11-03 23:33:35,639 - INFO - Request from 127.0.0.1 to predict
2025-11-03 23:33:35,652 - INFO - File uploaded: 00JC8ESFO5_1762184015.jpg, hash: 47828a71a5b6d6b1826eb9e6d86332c1585581f00d30a3a3166ef07a33cc93f0
2025-11-03 23:33:36,052 - INFO - Prediction completed for 00JC8ESFO5_1762184015.jpg: Fake (99.87000274658203%)
2025-11-03 23:33:36,054 - INFO - 127.0.0.1 - - [03/Nov/2025 23:33:36] "POST /predict HTTP/1.1" 200 -
2025-11-03 23:33:36,084 - INFO - 127.0.0.1 - - [03/Nov/2025 23:33:36] "[36mGET /static/style.css HTTP/1.1[0m" 304 -
2025-11-03 23:33:52,607 - INFO - Request from 127.0.0.1 to predict
2025-11-03 23:33:52,617 - INFO - File uploaded: 00M23E4K4I_1762184032.jpg, hash: e048c5e802b0f4f0e5070e68a3dc49164a8cd220c97ee53951b20f1ad78673f5
2025-11-03 23:33:53,040 - INFO - Prediction completed for 00M23E4K4I_1762184032.jpg: Fake (98.54000091552734%)
2025-11-03 23:33:53,042 - INFO - 127.0.0.1 - - [03/Nov/2025 23:33:53] "POST /predict HTTP/1.1" 200 -
2025-11-03 23:33:53,072 - INFO - 127.0.0.1 - - [03/Nov/2025 23:33:53] "[36mGET /static/style.css HTTP/1.1[0m" 304 -
2025-11-03 23:34:07,956 - INFO - Request from 127.0.0.1 to predict
2025-11-03 23:34:07,973 - INFO - File uploaded: 00NDQUECJA_1762184047.jpg, hash: bc63f4316d5fcad7a1b8579d8e4cb9d62c105ff046babe6dc4c6906526482748
2025-11-03 23:34:08,343 - INFO - Prediction completed for 00NDQUECJA_1762184047.jpg: Fake (97.05000305175781%)
2025-11-03 23:34:08,348 - INFO - 127.0.0.1 - - [03/Nov/2025 23:34:08] "POST /predict HTTP/1.1" 200 -
2025-11-03 23:34:08,374 - INFO - 127.0.0.1 - - [03/Nov/2025 23:34:08] "[36mGET /static/style.css HTTP/1.1[0m" 304 -
2025-11-03 23:34:30,653 - INFO - Request from 127.0.0.1 to predict
2025-11-03 23:34:30,669 - INFO - File uploaded: 00NEVKRNFZ_1762184070.jpg, hash: 0df5bfc7486065a770ee9e1134805b0115a0dba2b518929c48baad89c1ef4abe
2025-11-03 23:34:31,053 - INFO - Prediction completed for 00NEVKRNFZ_1762184070.jpg: Fake (77.45999908447266%)
2025-11-03 23:34:31,059 - INFO - 127.0.0.1 - - [03/Nov/2025 23:34:31] "POST /predict HTTP/1.1" 200 -
2025-11-03 23:34:31,084 - INFO - 127.0.0.1 - - [03/Nov/2025 23:34:31] "[36mGET /static/style.css HTTP/1.1[0m" 304 -
2025-11-03 23:34:47,877 - INFO - Request from 127.0.0.1 to predict
2025-11-03 23:34:47,887 - INFO - File uploaded: 00NVFY3Y64_1762184087.jpg, hash: e0006be3eb7e0533b80f42abe51de4901db15395fbadb3080d1f78982d7c5577
2025-11-03 23:34:48,273 - INFO - Prediction completed for 00NVFY3Y64_1762184087.jpg: Fake (98.83999633789062%)
2025-11-03 23:34:48,273 - INFO - 127.0.0.1 - - [03/Nov/2025 23:34:48] "POST /predict HTTP/1.1" 200 -
2025-11-03 23:34:48,313 - INFO - 127.0.0.1 - - [03/Nov/2025 23:34:48] "[36mGET /static/style.css HTTP/1.1[0m" 304 -
2025-11-03 23:35:08,105 - INFO - Request from 127.0.0.1 to predict
2025-11-03 23:35:08,113 - INFO - File uploaded: 00NZWX01HF_1762184108.jpg, hash: 6e855d49783d3042d8da69f3a6e6f2c238b034143fd251ff17b8a3249fb0ad70
2025-11-03 23:35:08,474 - INFO - Prediction completed for 00NZWX01HF_1762184108.jpg: Fake (99.87999725341797%)
2025-11-03 23:35:08,474 - INFO - 127.0.0.1 - - [03/Nov/2025 23:35:08] "POST /predict HTTP/1.1" 200 -
2025-11-03 23:35:08,504 - INFO - 127.0.0.1 - - [03/Nov/2025 23:35:08] "[36mGET /static/style.css HTTP/1.1[0m" 304 -
2025-11-03 23:35:38,914 - INFO - Request from 127.0.0.1 to predict
2025-11-03 23:35:38,929 - INFO - File uploaded: 00ONA5N3VR_1762184138.jpg, hash: 2934c2608f1d95e48e71c1f9b450f5651d298b60ed5b22f8796113d5e6476bdf
2025-11-03 23:35:39,304 - INFO - Prediction completed for 00ONA5N3VR_1762184138.jpg: Fake (99.11000061035156%)
2025-11-03 23:35:39,304 - INFO - 127.0.0.1 - - [03/Nov/2025 23:35:39] "POST /predict HTTP/1.1" 200 -
2025-11-03 23:35:39,344 - INFO - 127.0.0.1 - - [03/Nov/2025 23:35:39] "[36mGET /static/style.css HTTP/1.1[0m" 304 -
2025-11-03 23:35:58,248 - INFO - Request from 127.0.0.1 to predict
2025-11-03 23:35:58,263 - INFO - File uploaded: 00P2LUXJW3_1762184158.jpg, hash: 272c921656608b54e0a534effa150cb1d7268cd9a4c311c7f8e71ffe69534f40
2025-11-03 23:35:58,664 - INFO - Prediction completed for 00P2LUXJW3_1762184158.jpg: Fake (99.69000244140625%)
2025-11-03 23:35:58,664 - INFO - 127.0.0.1 - - [03/Nov/2025 23:35:58] "POST /predict HTTP/1.1" 200 -
2025-11-03 23:35:58,700 - INFO - 127.0.0.1 - - [03/Nov/2025 23:35:58] "[36mGET /static/style.css HTTP/1.1[0m" 304 -
2025-11-03 23:36:11,624 - INFO - Request from 127.0.0.1 to predict
2025-11-03 23:36:11,639 - INFO - File uploaded: 00PYA83V1P_1762184171.jpg, hash: a37727c15f1fb398eacc3cd459435ad02a92cf7f4ae5256615d5b68d6eadc139
2025-11-03 23:36:12,015 - INFO - Prediction completed for 00PYA83V1P_1762184171.jpg: Fake (99.91000366210938%)
2025-11-03 23:36:12,015 - INFO - 127.0.0.1 - - [03/Nov/2025 23:36:12] "POST /predict HTTP/1.1" 200 -
2025-11-03 23:36:12,048 - INFO - 127.0.0.1 - - [03/Nov/2025 23:36:12] "[36mGET /static/style.css HTTP/1.1[0m" 304 -
2025-11-03 23:36:33,477 - INFO - Request from 127.0.0.1 to predict
2025-11-03 23:36:33,484 - INFO - File uploaded: 00QZ9OQ733_1762184193.jpg, hash: 1278e00a9c9232cea8a2a6228ef661d57083a626335bd3d45d653226eab28511
2025-11-03 23:36:33,884 - INFO - Prediction completed for 00QZ9OQ733_1762184193.jpg: Fake (82.62000274658203%)
2025-11-03 23:36:33,884 - INFO - 127.0.0.1 - - [03/Nov/2025 23:36:33] "POST /predict HTTP/1.1" 200 -
2025-11-03 23:36:33,924 - INFO - 127.0.0.1 - - [03/Nov/2025 23:36:33] "[36mGET /static/style.css HTTP/1.1[0m" 304 -
2025-11-03 23:36:58,223 - INFO - Request from 127.0.0.1 to predict
2025-11-03 23:36:58,235 - INFO - File uploaded: 00S2D5CDKQ_1762184218.jpg, hash: 33fc0398f8887f74fcf70be14ab3772773ac821ea6a3c3f34fd5337c95518cdb
2025-11-03 23:36:58,649 - INFO - Prediction completed for 00S2D5CDKQ_1762184218.jpg: Fake (98.5%)
2025-11-03 23:36:58,649 - INFO - 127.0.0.1 - - [03/Nov/2025 23:36:58] "POST /predict HTTP/1.1" 200 -
2025-11-03 23:36:58,688 - INFO - 127.0.0.1 - - [03/Nov/2025 23:36:58] "[36mGET /static/style.css HTTP/1.1[0m" 304 -
2025-11-03 23:37:20,631 - INFO - Request from 127.0.0.1 to predict
2025-11-03 23:37:20,637 - INFO - File uploaded: 00TMYXA5DF_1762184240.jpg, hash: 43047c04aa76b4784b2f89227e9c1948d33b244b1492b67feb6c003036a327ca
2025-11-03 23:37:21,009 - INFO - Prediction completed for 00TMYXA5DF_1762184240.jpg: Fake (89.66999816894531%)
2025-11-03 23:37:21,011 - INFO - 127.0.0.1 - - [03/Nov/2025 23:37:21] "POST /predict HTTP/1.1" 200 -
2025-11-03 23:37:21,047 - INFO - 127.0.0.1 - - [03/Nov/2025 23:37:21] "[36mGET /static/style.css HTTP/1.1[0m" 304 -
2025-11-03 23:37:37,875 - INFO - Request from 127.0.0.1 to predict
2025-11-03 23:37:37,891 - INFO - File uploaded: 00TN6MYLOE_1762184257.jpg, hash: 0524a05ec4ff3d71d620dc49e5af2b0f70c90ecdad0621632931f16c02ae5eb5
2025-11-03 23:37:38,245 - INFO - Prediction completed for 00TN6MYLOE_1762184257.jpg: Fake (99.44999694824219%)
2025-11-03 23:37:38,250 - INFO - 127.0.0.1 - - [03/Nov/2025 23:37:38] "POST /predict HTTP/1.1" 200 -
2025-11-03 23:37:38,285 - INFO - 127.0.0.1 - - [03/Nov/2025 23:37:38] "[36mGET /static/style.css HTTP/1.1[0m" 304 -
2025-11-03 23:38:10,405 - INFO - Request from 127.0.0.1 to predict
2025-11-03 23:38:10,417 - INFO - File uploaded: 00UBMGCRGR_1762184290.jpg, hash: d0ae74f10dec40a7bc5b258f7fcb5d94cce64888535153977dd032fa598b3806
2025-11-03 23:38:10,793 - INFO - Prediction completed for 00UBMGCRGR_1762184290.jpg: Fake (99.70999908447266%)
2025-11-03 23:38:10,795 - INFO - 127.0.0.1 - - [03/Nov/2025 23:38:10] "POST /predict HTTP/1.1" 200 -
2025-11-03 23:38:10,831 - INFO - 127.0.0.1 - - [03/Nov/2025 23:38:10] "[36mGET /static/style.css HTTP/1.1[0m" 304 -
2025-11-03 23:38:37,156 - INFO - Request from 127.0.0.1 to predict
2025-11-03 23:38:37,169 - INFO - File uploaded: 00V98STKS1_1762184317.jpg, hash: c9999e8c0ee7a1903f778ee502b5981537929bbaa7da7ffe736ce914cb52f040
2025-11-03 23:38:37,526 - INFO - Prediction completed for 00V98STKS1_1762184317.jpg: Fake (100.0%)
2025-11-03 23:38:37,529 - INFO - 127.0.0.1 - - [03/Nov/2025 23:38:37] "POST /predict HTTP/1.1" 200 -
2025-11-03 23:38:37,570 - INFO - 127.0.0.1 - - [03/Nov/2025 23:38:37] "[36mGET /static/style.css HTTP/1.1[0m" 304 -
2025-11-03 23:38:52,928 - INFO - Request from 127.0.0.1 to predict
2025-11-03 23:38:52,940 - INFO - File uploaded: 00XN46VW5G_1762184332.jpg, hash: 154f999ddd5b1392ad81b602ffad8db1d12b2174eab5987d42e536c6d405f22d
2025-11-03 23:38:53,327 - INFO - Prediction completed for 00XN46VW5G_1762184332.jpg: Fake (96.77999877929688%)
2025-11-03 23:38:53,329 - INFO - 127.0.0.1 - - [03/Nov/2025 23:38:53] "POST /predict HTTP/1.1" 200 -
2025-11-03 23:38:53,364 - INFO - 127.0.0.1 - - [03/Nov/2025 23:38:53] "[36mGET /static/style.css HTTP/1.1[0m" 304 -
2025-11-03 23:39:12,916 - INFO - Request from 127.0.0.1 to predict
2025-11-03 23:39:12,926 - INFO - File uploaded: 00Y1BXXWM2_1762184352.jpg, hash: fb9036fa89df38e53befdbd626cba5e78b04561fd600c917e517a4a97f5fd81a
2025-11-03 23:39:13,286 - INFO - Prediction completed for 00Y1BXXWM2_1762184352.jpg: Fake (92.12999725341797%)
2025-11-03 23:39:13,292 - INFO - 127.0.0.1 - - [03/Nov/2025 23:39:13] "POST /predict HTTP/1.1" 200 -
2025-11-03 23:39:13,328 - INFO - 127.0.0.1 - - [03/Nov/2025 23:39:13] "[36mGET /static/style.css HTTP/1.1[0m" 304 -
2025-11-03 23:39:46,818 - INFO - Request from 127.0.0.1 to predict
2025-11-03 23:39:46,837 - INFO - File uploaded: 01A68PBQYP_1762184386.jpg, hash: 392847dbba1874748ca365f039796e28238c702b14caa5cf7e043ef3c62e1b9c
2025-11-03 23:39:47,196 - INFO - Prediction completed for 01A68PBQYP_1762184386.jpg: Real (88.80999755859375%)
2025-11-03 23:39:47,202 - INFO - 127.0.0.1 - - [03/Nov/2025 23:39:47] "POST /predict HTTP/1.1" 200 -
2025-11-03 23:39:47,246 - INFO - 127.0.0.1 - - [03/Nov/2025 23:39:47] "[36mGET /static/style.css HTTP/1.1[0m" 304 -
2025-11-03 23:40:17,389 - INFO - Request from 127.0.0.1 to predict
2025-11-03 23:40:17,409 - INFO - File uploaded: 01APKJ1WLK_1762184417.jpg, hash: 59288d1d0b9c9bf378376754b0c5c39805503f66d9cdf92957e2833e58719f33
2025-11-03 23:40:17,808 - INFO - Prediction completed for 01APKJ1WLK_1762184417.jpg: Fake (99.80999755859375%)
2025-11-03 23:40:17,816 - INFO - 127.0.0.1 - - [03/Nov/2025 23:40:17] "POST /predict HTTP/1.1" 200 -
2025-11-03 23:40:17,849 - INFO - 127.0.0.1 - - [03/Nov/2025 23:40:17] "[36mGET /static/style.css HTTP/1.1[0m" 304 -
2025-11-03 23:40:47,455 - INFO - Request from 127.0.0.1 to predict
2025-11-03 23:40:47,467 - INFO - File uploaded: 01AV0VOUAX_1762184447.jpg, hash: 7ee8c9fab2f6a009bf19aef64356dc7c894df03d14b2d2ba4016aa8fab60bf42
2025-11-03 23:40:47,850 - INFO - Prediction completed for 01AV0VOUAX_1762184447.jpg: Fake (96.45999908447266%)
2025-11-03 23:40:47,850 - INFO - 127.0.0.1 - - [03/Nov/2025 23:40:47] "POST /predict HTTP/1.1" 200 -
2025-11-03 23:40:47,884 - INFO - 127.0.0.1 - - [03/Nov/2025 23:40:47] "[36mGET /static/style.css HTTP/1.1[0m" 304 -
2025-11-03 23:41:07,539 - INFO - Request from 127.0.0.1 to predict
2025-11-03 23:41:07,552 - INFO - File uploaded: 01CSPULCOW_1762184467.jpg, hash: 63247167b6540f0f212b5254c5284098921bd0e91aeec33129c5c1de0019c3b5
2025-11-03 23:41:07,953 - INFO - Prediction completed for 01CSPULCOW_1762184467.jpg: Fake (99.33000183105469%)
2025-11-03 23:41:07,953 - INFO - 127.0.0.1 - - [03/Nov/2025 23:41:07] "POST /predict HTTP/1.1" 200 -
2025-11-03 23:41:07,994 - INFO - 127.0.0.1 - - [03/Nov/2025 23:41:07] "[36mGET /static/style.css HTTP/1.1[0m" 304 -
2025-11-03 23:41:25,790 - INFO - Request from 127.0.0.1 to predict
2025-11-03 23:41:25,804 - INFO - File uploaded: 01H47SC7ON_1762184485.jpg, hash: 1901fdfb99a98b963d78c85f38fb96c5d700c0796b4fefe369763017928b1eb6
2025-11-03 23:41:26,158 - INFO - Prediction completed for 01H47SC7ON_1762184485.jpg: Fake (98.81999969482422%)
2025-11-03 23:41:26,158 - INFO - 127.0.0.1 - - [03/Nov/2025 23:41:26] "POST /predict HTTP/1.1" 200 -
2025-11-03 23:41:26,188 - INFO - 127.0.0.1 - - [03/Nov/2025 23:41:26] "[36mGET /static/style.css HTTP/1.1[0m" 304 -
2025-11-03 23:41:45,708 - INFO - Request from 127.0.0.1 to predict
2025-11-03 23:41:45,719 - INFO - File uploaded: 01HUIAWIOM_1762184505.jpg, hash: ec50bc1c46219f30938c6d0d05fac6517e1bbe8d512194cfcdeab3faa3ba8421
2025-11-03 23:41:46,078 - INFO - Prediction completed for 01HUIAWIOM_1762184505.jpg: Fake (93.5199966430664%)
2025-11-03 23:41:46,086 - INFO - 127.0.0.1 - - [03/Nov/2025 23:41:46] "POST /predict HTTP/1.1" 200 -
2025-11-03 23:41:46,130 - INFO - 127.0.0.1 - - [03/Nov/2025 23:41:46] "[36mGET /static/style.css HTTP/1.1[0m" 304 -
2025-11-03 23:42:10,214 - INFO - Request from 127.0.0.1 to predict
2025-11-03 23:42:10,228 - INFO - File uploaded: 01HYNP6M67_1762184530.jpg, hash: 9dc286aa0bdb524797a76572d4f3b390c46f34a83763b9fcbd8f477ce521e500
2025-11-03 23:42:10,608 - INFO - Prediction completed for 01HYNP6M67_1762184530.jpg: Fake (99.29000091552734%)
2025-11-03 23:42:10,611 - INFO - 127.0.0.1 - - [03/Nov/2025 23:42:10] "POST /predict HTTP/1.1" 200 -
2025-11-03 23:42:10,638 - INFO - 127.0.0.1 - - [03/Nov/2025 23:42:10] "[36mGET /static/style.css HTTP/1.1[0m" 304 -
2025-11-03 23:42:28,560 - INFO - Request from 127.0.0.1 to predict
2025-11-03 23:42:28,576 - INFO - File uploaded: 01HYNP6M67_1762184548.jpg, hash: 9dc286aa0bdb524797a76572d4f3b390c46f34a83763b9fcbd8f477ce521e500
2025-11-03 23:42:28,932 - INFO - Prediction completed for 01HYNP6M67_1762184548.jpg: Fake (99.29000091552734%)
2025-11-03 23:42:28,932 - INFO - 127.0.0.1 - - [03/Nov/2025 23:42:28] "POST /predict HTTP/1.1" 200 -
2025-11-03 23:42:28,966 - INFO - 127.0.0.1 - - [03/Nov/2025 23:42:28] "[36mGET /static/style.css HTTP/1.1[0m" 304 -
2025-11-03 23:42:41,730 - INFO - Request from 127.0.0.1 to predict
2025-11-03 23:42:41,742 - INFO - File uploaded: 01I9EL2G0I_1762184561.jpg, hash: 9faa0b6552402bc8f369281efad62ea6d04331c1e0182b091ebd410ae197cd55
2025-11-03 23:42:42,089 - INFO - Prediction completed for 01I9EL2G0I_1762184561.jpg: Fake (99.69000244140625%)
2025-11-03 23:42:42,094 - INFO - 127.0.0.1 - - [03/Nov/2025 23:42:42] "POST /predict HTTP/1.1" 200 -
2025-11-03 23:42:42,128 - INFO - 127.0.0.1 - - [03/Nov/2025 23:42:42] "[36mGET /static/style.css HTTP/1.1[0m" 304 -
2025-11-03 23:43:02,800 - INFO - Request from 127.0.0.1 to predict
2025-11-03 23:43:02,812 - INFO - File uploaded: 01IIBDIPSS_1762184582.jpg, hash: ec601de96f338811b5e011ddb18fc0ea22f7171418924a881e8652131328537c
2025-11-03 23:43:03,175 - INFO - Prediction completed for 01IIBDIPSS_1762184582.jpg: Fake (99.86000061035156%)
2025-11-03 23:43:03,175 - INFO - 127.0.0.1 - - [03/Nov/2025 23:43:03] "POST /predict HTTP/1.1" 200 -
2025-11-03 23:43:03,209 - INFO - 127.0.0.1 - - [03/Nov/2025 23:43:03] "[36mGET /static/style.css HTTP/1.1[0m" 304 -
2025-11-03 23:43:23,569 - INFO - Request from 127.0.0.1 to predict
2025-11-03 23:43:23,579 - INFO - File uploaded: 01JB1ZI4VZ_1762184603.jpg, hash: a852e02d5dd70926baa7c042837affed26dcdf0bf8eb6a4570ccf424fbf6bda4
2025-11-03 23:43:23,930 - INFO - Prediction completed for 01JB1ZI4VZ_1762184603.jpg: Fake (96.9800033569336%)
2025-11-03 23:43:23,930 - INFO - 127.0.0.1 - - [03/Nov/2025 23:43:23] "POST /predict HTTP/1.1" 200 -
2025-11-03 23:43:23,971 - INFO - 127.0.0.1 - - [03/Nov/2025 23:43:23] "[36mGET /static/style.css HTTP/1.1[0m" 304 -
2025-11-03 23:43:46,577 - INFO - Request from 127.0.0.1 to predict
2025-11-03 23:43:46,584 - INFO - File uploaded: 01L86ORZ10_1762184626.jpg, hash: 59844ee0fb32411f8efbb75b1ca7e4ed797352f4621e202a8d149a8816e1deeb
2025-11-03 23:43:46,979 - INFO - Prediction completed for 01L86ORZ10_1762184626.jpg: Fake (91.2300033569336%)
2025-11-03 23:43:46,981 - INFO - 127.0.0.1 - - [03/Nov/2025 23:43:46] "POST /predict HTTP/1.1" 200 -
2025-11-03 23:43:47,025 - INFO - 127.0.0.1 - - [03/Nov/2025 23:43:47] "[36mGET /static/style.css HTTP/1.1[0m" 304 -
2025-11-03 23:44:14,984 - INFO - Request from 127.0.0.1 to predict
2025-11-03 23:44:14,998 - INFO - File uploaded: 01N5I6ZKOH_1762184654.jpg, hash: 2b411c98d79c924f6a96c80364f617937fe3d4469764440691b579c91b92f074
2025-11-03 23:44:15,349 - INFO - Prediction completed for 01N5I6ZKOH_1762184654.jpg: Fake (98.95999908447266%)
2025-11-03 23:44:15,354 - INFO - 127.0.0.1 - - [03/Nov/2025 23:44:15] "POST /predict HTTP/1.1" 200 -
2025-11-03 23:44:15,392 - INFO - 127.0.0.1 - - [03/Nov/2025 23:44:15] "[36mGET /static/style.css HTTP/1.1[0m" 304 -
2025-11-03 23:44:32,150 - INFO - Request from 127.0.0.1 to predict
2025-11-03 23:44:32,159 - INFO - File uploaded: 01PC1U2LDY_1762184672.jpg, hash: 499fb55a47d32efc0a5f3a7928a0e8a1f7bc92d86c02bff5273785cd0e94de18
2025-11-03 23:44:32,531 - INFO - Prediction completed for 01PC1U2LDY_1762184672.jpg: Fake (92.48999786376953%)
2025-11-03 23:44:32,531 - INFO - 127.0.0.1 - - [03/Nov/2025 23:44:32] "POST /predict HTTP/1.1" 200 -
2025-11-03 23:44:32,563 - INFO - 127.0.0.1 - - [03/Nov/2025 23:44:32] "[36mGET /static/style.css HTTP/1.1[0m" 304 -
2025-11-03 23:44:49,606 - INFO - Request from 127.0.0.1 to predict
2025-11-03 23:44:49,620 - INFO - File uploaded: 01PGW4LBRJ_1762184689.jpg, hash: bcb0171984304ab60f7260fc3465bce57665f06556fd296d0c769d4d79421a2f
2025-11-03 23:44:50,006 - INFO - Prediction completed for 01PGW4LBRJ_1762184689.jpg: Fake (99.77999877929688%)
2025-11-03 23:44:50,008 - INFO - 127.0.0.1 - - [03/Nov/2025 23:44:50] "POST /predict HTTP/1.1" 200 -
2025-11-03 23:44:50,044 - INFO - 127.0.0.1 - - [03/Nov/2025 23:44:50] "[36mGET /static/style.css HTTP/1.1[0m" 304 -
2025-11-03 23:45:14,042 - INFO - Request from 127.0.0.1 to predict
2025-11-03 23:45:14,056 - INFO - File uploaded: 01Q4I7HMNL_1762184714.jpg, hash: 2dba6f9b988aedf0a4ee7e00d8b4786eb8eb06fcdb0c512cd01893aef27b4eac
2025-11-03 23:45:14,432 - INFO - Prediction completed for 01Q4I7HMNL_1762184714.jpg: Fake (99.83000183105469%)
2025-11-03 23:45:14,440 - INFO - 127.0.0.1 - - [03/Nov/2025 23:45:14] "POST /predict HTTP/1.1" 200 -
2025-11-03 23:45:14,473 - INFO - 127.0.0.1 - - [03/Nov/2025 23:45:14] "[36mGET /static/style.css HTTP/1.1[0m" 304 -
2025-11-03 23:46:12,076 - INFO - Request from 127.0.0.1 to predict
2025-11-03 23:46:12,092 - INFO - File uploaded: 01Q46DK7EP_1762184772.jpg, hash: c9da831f8135756e36d8ea5a30ac84888691bdddc82507cccdb68829777e98d8
2025-11-03 23:46:12,461 - INFO - Prediction completed for 01Q46DK7EP_1762184772.jpg: Fake (99.76000213623047%)
2025-11-03 23:46:12,461 - INFO - 127.0.0.1 - - [03/Nov/2025 23:46:12] "POST /predict HTTP/1.1" 200 -
2025-11-03 23:46:12,491 - INFO - 127.0.0.1 - - [03/Nov/2025 23:46:12] "[36mGET /static/style.css HTTP/1.1[0m" 304 -
2025-11-03 23:46:32,784 - INFO - Request from 127.0.0.1 to predict
2025-11-03 23:46:32,797 - INFO - File uploaded: 01R3N4195O_1762184792.jpg, hash: d71260824906881f99ec47a208b328ee4c8c90502aeba13f019fa1fb8e2c0d3d
2025-11-03 23:46:33,194 - INFO - Prediction completed for 01R3N4195O_1762184792.jpg: Fake (98.86000061035156%)
2025-11-03 23:46:33,196 - INFO - 127.0.0.1 - - [03/Nov/2025 23:46:33] "POST /predict HTTP/1.1" 200 -
2025-11-03 23:46:33,229 - INFO - 127.0.0.1 - - [03/Nov/2025 23:46:33] "[36mGET /static/style.css HTTP/1.1[0m" 304 -
2025-11-04 00:53:30,970 - INFO - The CSRF token has expired.
2025-11-04 00:53:30,971 - WARNING - Bad request from 127.0.0.1: 400 Bad Request: The CSRF token has expired.
2025-11-04 00:53:30,978 - ERROR - Exception on /predict [POST]
Traceback (most recent call last):
  File "C:\Users\ahmad\AppData\Local\Programs\Python\Python310\lib\site-packages\flask_wtf\csrf.py", line 108, in validate_csrf
    token = s.loads(data, max_age=time_limit)
  File "C:\Users\ahmad\AppData\Local\Programs\Python\Python310\lib\site-packages\itsdangerous\timed.py", line 204, in loads
    base64d, timestamp = signer.unsign(
  File "C:\Users\ahmad\AppData\Local\Programs\Python\Python310\lib\site-packages\itsdangerous\timed.py", line 142, in unsign
    raise SignatureExpired(
itsdangerous.exc.SignatureExpired: Signature age 4018 > 3600 seconds

The above exception was the direct cause of the following exception:

Traceback (most recent call last):
  File "C:\Users\ahmad\AppData\Local\Programs\Python\Python310\lib\site-packages\flask_wtf\csrf.py", line 261, in protect
    validate_csrf(self._get_csrf_token())
  File "C:\Users\ahmad\AppData\Local\Programs\Python\Python310\lib\site-packages\flask_wtf\csrf.py", line 110, in validate_csrf
    raise ValidationError("The CSRF token has expired.") from e
wtforms.validators.ValidationError: The CSRF token has expired.

During handling of the above exception, another exception occurred:

Traceback (most recent call last):
  File "C:\Users\ahmad\AppData\Local\Programs\Python\Python310\lib\site-packages\flask\app.py", line 915, in full_dispatch_request
    rv = self.preprocess_request()
  File "C:\Users\ahmad\AppData\Local\Programs\Python\Python310\lib\site-packages\flask\app.py", line 1291, in preprocess_request
    rv = self.ensure_sync(before_func)()
  File "C:\Users\ahmad\AppData\Local\Programs\Python\Python310\lib\site-packages\flask_wtf\csrf.py", line 229, in csrf_protect
    self.protect()
  File "C:\Users\ahmad\AppData\Local\Programs\Python\Python310\lib\site-packages\flask_wtf\csrf.py", line 264, in protect
    self._error_response(e.args[0])
  File "C:\Users\ahmad\AppData\Local\Programs\Python\Python310\lib\site-packages\flask_wtf\csrf.py", line 307, in _error_response
    raise CSRFError(reason)
flask_wtf.csrf.CSRFError: 400 Bad Request: The CSRF token has expired.

During handling of the above exception, another exception occurred:

Traceback (most recent call last):
  File "C:\Users\ahmad\AppData\Local\Programs\Python\Python310\lib\site-packages\flask\app.py", line 1511, in wsgi_app
    response = self.full_dispatch_request()
  File "C:\Users\ahmad\AppData\Local\Programs\Python\Python310\lib\site-packages\flask\app.py", line 919, in full_dispatch_request
    rv = self.handle_user_exception(e)
  File "C:\Users\ahmad\AppData\Local\Programs\Python\Python310\lib\site-packages\flask\app.py", line 802, in handle_user_exception
    return self.handle_http_exception(e)
  File "C:\Users\ahmad\AppData\Local\Programs\Python\Python310\lib\site-packages\flask\app.py", line 777, in handle_http_exception
    return self.ensure_sync(handler)(e)  # type: ignore[no-any-return]
  File "C:\Users\ahmad\OneDrive\Documents\tool\app.py", line 208, in bad_request
    return render_template('index.html', error="Invalid request"), 400
  File "C:\Users\ahmad\AppData\Local\Programs\Python\Python310\lib\site-packages\flask\templating.py", line 150, in render_template
    return _render(app, template, context)
  File "C:\Users\ahmad\AppData\Local\Programs\Python\Python310\lib\site-packages\flask\templating.py", line 131, in _render
    rv = template.render(context)
  File "C:\Users\ahmad\AppData\Local\Programs\Python\Python310\lib\site-packages\jinja2\environment.py", line 1295, in render
    self.environment.handle_exception()
  File "C:\Users\ahmad\AppData\Local\Programs\Python\Python310\lib\site-packages\jinja2\environment.py", line 942, in handle_exception
    raise rewrite_traceback_stack(source=source)
  File "C:\Users\ahmad\OneDrive\Documents\tool\templates\index.html", line 55, in top-level template code
    {{ form.hidden_tag() }}  <!-- CSRF token -->
  File "C:\Users\ahmad\AppData\Local\Programs\Python\Python310\lib\site-packages\jinja2\environment.py", line 490, in getattr
    return getattr(obj, attribute)
jinja2.exceptions.UndefinedError: 'form' is undefined
2025-11-04 00:53:30,987 - INFO - 127.0.0.1 - - [04/Nov/2025 00:53:30] "[35m[1mPOST /predict HTTP/1.1[0m" 500 -
2025-11-04 00:53:37,826 - INFO - The CSRF token has expired.
2025-11-04 00:53:37,826 - WARNING - Bad request from 127.0.0.1: 400 Bad Request: The CSRF token has expired.
2025-11-04 00:53:37,826 - ERROR - Exception on /predict [POST]
Traceback (most recent call last):
  File "C:\Users\ahmad\AppData\Local\Programs\Python\Python310\lib\site-packages\flask_wtf\csrf.py", line 108, in validate_csrf
    token = s.loads(data, max_age=time_limit)
  File "C:\Users\ahmad\AppData\Local\Programs\Python\Python310\lib\site-packages\itsdangerous\timed.py", line 204, in loads
    base64d, timestamp = signer.unsign(
  File "C:\Users\ahmad\AppData\Local\Programs\Python\Python310\lib\site-packages\itsdangerous\timed.py", line 142, in unsign
    raise SignatureExpired(
itsdangerous.exc.SignatureExpired: Signature age 4025 > 3600 seconds

The above exception was the direct cause of the following exception:

Traceback (most recent call last):
  File "C:\Users\ahmad\AppData\Local\Programs\Python\Python310\lib\site-packages\flask_wtf\csrf.py", line 261, in protect
    validate_csrf(self._get_csrf_token())
  File "C:\Users\ahmad\AppData\Local\Programs\Python\Python310\lib\site-packages\flask_wtf\csrf.py", line 110, in validate_csrf
    raise ValidationError("The CSRF token has expired.") from e
wtforms.validators.ValidationError: The CSRF token has expired.

During handling of the above exception, another exception occurred:

Traceback (most recent call last):
  File "C:\Users\ahmad\AppData\Local\Programs\Python\Python310\lib\site-packages\flask\app.py", line 915, in full_dispatch_request
    rv = self.preprocess_request()
  File "C:\Users\ahmad\AppData\Local\Programs\Python\Python310\lib\site-packages\flask\app.py", line 1291, in preprocess_request
    rv = self.ensure_sync(before_func)()
  File "C:\Users\ahmad\AppData\Local\Programs\Python\Python310\lib\site-packages\flask_wtf\csrf.py", line 229, in csrf_protect
    self.protect()
  File "C:\Users\ahmad\AppData\Local\Programs\Python\Python310\lib\site-packages\flask_wtf\csrf.py", line 264, in protect
    self._error_response(e.args[0])
  File "C:\Users\ahmad\AppData\Local\Programs\Python\Python310\lib\site-packages\flask_wtf\csrf.py", line 307, in _error_response
    raise CSRFError(reason)
flask_wtf.csrf.CSRFError: 400 Bad Request: The CSRF token has expired.

During handling of the above exception, another exception occurred:

Traceback (most recent call last):
  File "C:\Users\ahmad\AppData\Local\Programs\Python\Python310\lib\site-packages\flask\app.py", line 1511, in wsgi_app
    response = self.full_dispatch_request()
  File "C:\Users\ahmad\AppData\Local\Programs\Python\Python310\lib\site-packages\flask\app.py", line 919, in full_dispatch_request
    rv = self.handle_user_exception(e)
  File "C:\Users\ahmad\AppData\Local\Programs\Python\Python310\lib\site-packages\flask\app.py", line 802, in handle_user_exception
    return self.handle_http_exception(e)
  File "C:\Users\ahmad\AppData\Local\Programs\Python\Python310\lib\site-packages\flask\app.py", line 777, in handle_http_exception
    return self.ensure_sync(handler)(e)  # type: ignore[no-any-return]
  File "C:\Users\ahmad\OneDrive\Documents\tool\app.py", line 208, in bad_request
    return render_template('index.html', error="Invalid request"), 400
  File "C:\Users\ahmad\AppData\Local\Programs\Python\Python310\lib\site-packages\flask\templating.py", line 150, in render_template
    return _render(app, template, context)
  File "C:\Users\ahmad\AppData\Local\Programs\Python\Python310\lib\site-packages\flask\templating.py", line 131, in _render
    rv = template.render(context)
  File "C:\Users\ahmad\AppData\Local\Programs\Python\Python310\lib\site-packages\jinja2\environment.py", line 1295, in render
    self.environment.handle_exception()
  File "C:\Users\ahmad\AppData\Local\Programs\Python\Python310\lib\site-packages\jinja2\environment.py", line 942, in handle_exception
    raise rewrite_traceback_stack(source=source)
  File "C:\Users\ahmad\OneDrive\Documents\tool\templates\index.html", line 55, in top-level template code
    {{ form.hidden_tag() }}  <!-- CSRF token -->
  File "C:\Users\ahmad\AppData\Local\Programs\Python\Python310\lib\site-packages\jinja2\environment.py", line 490, in getattr
    return getattr(obj, attribute)
jinja2.exceptions.UndefinedError: 'form' is undefined
2025-11-04 00:53:37,828 - INFO - 127.0.0.1 - - [04/Nov/2025 00:53:37] "[35m[1mPOST /predict HTTP/1.1[0m" 500 -
2025-11-04 00:53:53,264 - INFO - [31m[1mWARNING: This is a development server. Do not use it in a production deployment. Use a production WSGI server instead.[0m
 * Running on http://127.0.0.1:5000
2025-11-04 00:53:53,264 - INFO - [33mPress CTRL+C to quit[0m
2025-11-04 00:53:57,422 - INFO - Request from 127.0.0.1 to index
2025-11-04 00:53:57,432 - INFO - 127.0.0.1 - - [04/Nov/2025 00:53:57] "GET / HTTP/1.1" 200 -
2025-11-04 00:53:57,540 - INFO - 127.0.0.1 - - [04/Nov/2025 00:53:57] "[36mGET /static/style.css HTTP/1.1[0m" 304 -
2025-11-04 00:54:01,782 - INFO - The CSRF token is invalid.
2025-11-04 00:54:01,782 - WARNING - Bad request from 127.0.0.1: 400 Bad Request: The CSRF token is invalid.
2025-11-04 00:54:01,783 - ERROR - Exception on /predict [POST]
Traceback (most recent call last):
  File "C:\Users\ahmad\AppData\Local\Programs\Python\Python310\lib\site-packages\flask_wtf\csrf.py", line 108, in validate_csrf
    token = s.loads(data, max_age=time_limit)
  File "C:\Users\ahmad\AppData\Local\Programs\Python\Python310\lib\site-packages\itsdangerous\timed.py", line 220, in loads
    raise t.cast(BadSignature, last_exception)
  File "C:\Users\ahmad\AppData\Local\Programs\Python\Python310\lib\site-packages\itsdangerous\timed.py", line 204, in loads
    base64d, timestamp = signer.unsign(
  File "C:\Users\ahmad\AppData\Local\Programs\Python\Python310\lib\site-packages\itsdangerous\timed.py", line 130, in unsign
    raise BadTimeSignature(str(sig_error), payload=value, date_signed=ts_dt)
itsdangerous.exc.BadTimeSignature: Signature b'w08M1bGbqUhmGB9mF54LzIp8aho' does not match

The above exception was the direct cause of the following exception:

Traceback (most recent call last):
  File "C:\Users\ahmad\AppData\Local\Programs\Python\Python310\lib\site-packages\flask_wtf\csrf.py", line 261, in protect
    validate_csrf(self._get_csrf_token())
  File "C:\Users\ahmad\AppData\Local\Programs\Python\Python310\lib\site-packages\flask_wtf\csrf.py", line 112, in validate_csrf
    raise ValidationError("The CSRF token is invalid.") from e
wtforms.validators.ValidationError: The CSRF token is invalid.

During handling of the above exception, another exception occurred:

Traceback (most recent call last):
  File "C:\Users\ahmad\AppData\Local\Programs\Python\Python310\lib\site-packages\flask\app.py", line 915, in full_dispatch_request
    rv = self.preprocess_request()
  File "C:\Users\ahmad\AppData\Local\Programs\Python\Python310\lib\site-packages\flask\app.py", line 1291, in preprocess_request
    rv = self.ensure_sync(before_func)()
  File "C:\Users\ahmad\AppData\Local\Programs\Python\Python310\lib\site-packages\flask_wtf\csrf.py", line 229, in csrf_protect
    self.protect()
  File "C:\Users\ahmad\AppData\Local\Programs\Python\Python310\lib\site-packages\flask_wtf\csrf.py", line 264, in protect
    self._error_response(e.args[0])
  File "C:\Users\ahmad\AppData\Local\Programs\Python\Python310\lib\site-packages\flask_wtf\csrf.py", line 307, in _error_response
    raise CSRFError(reason)
flask_wtf.csrf.CSRFError: 400 Bad Request: The CSRF token is invalid.

During handling of the above exception, another exception occurred:

Traceback (most recent call last):
  File "C:\Users\ahmad\AppData\Local\Programs\Python\Python310\lib\site-packages\flask\app.py", line 1511, in wsgi_app
    response = self.full_dispatch_request()
  File "C:\Users\ahmad\AppData\Local\Programs\Python\Python310\lib\site-packages\flask\app.py", line 919, in full_dispatch_request
    rv = self.handle_user_exception(e)
  File "C:\Users\ahmad\AppData\Local\Programs\Python\Python310\lib\site-packages\flask\app.py", line 802, in handle_user_exception
    return self.handle_http_exception(e)
  File "C:\Users\ahmad\AppData\Local\Programs\Python\Python310\lib\site-packages\flask\app.py", line 777, in handle_http_exception
    return self.ensure_sync(handler)(e)  # type: ignore[no-any-return]
  File "C:\Users\ahmad\OneDrive\Documents\tool\app.py", line 208, in bad_request
    return render_template('index.html', error="Invalid request"), 400
  File "C:\Users\ahmad\AppData\Local\Programs\Python\Python310\lib\site-packages\flask\templating.py", line 150, in render_template
    return _render(app, template, context)
  File "C:\Users\ahmad\AppData\Local\Programs\Python\Python310\lib\site-packages\flask\templating.py", line 131, in _render
    rv = template.render(context)
  File "C:\Users\ahmad\AppData\Local\Programs\Python\Python310\lib\site-packages\jinja2\environment.py", line 1295, in render
    self.environment.handle_exception()
  File "C:\Users\ahmad\AppData\Local\Programs\Python\Python310\lib\site-packages\jinja2\environment.py", line 942, in handle_exception
    raise rewrite_traceback_stack(source=source)
  File "C:\Users\ahmad\OneDrive\Documents\tool\templates\index.html", line 55, in top-level template code
    {{ form.hidden_tag() }}  <!-- CSRF token -->
  File "C:\Users\ahmad\AppData\Local\Programs\Python\Python310\lib\site-packages\jinja2\environment.py", line 490, in getattr
    return getattr(obj, attribute)
jinja2.exceptions.UndefinedError: 'form' is undefined
2025-11-04 00:54:01,786 - INFO - 127.0.0.1 - - [04/Nov/2025 00:54:01] "[35m[1mPOST /predict HTTP/1.1[0m" 500 -
2025-11-04 00:54:11,097 - INFO - Request from 127.0.0.1 to predict
2025-11-04 00:54:11,108 - INFO - File uploaded: real1_1762188851.jpg, hash: dead326543dd03cdd0464f70b183e334afaf239b8072560097640a30b887fdb2
2025-11-04 00:54:12,604 - INFO - Prediction completed for real1_1762188851.jpg: Real (99.94000244140625%)
2025-11-04 00:54:12,607 - INFO - 127.0.0.1 - - [04/Nov/2025 00:54:12] "POST /predict HTTP/1.1" 200 -
2025-11-04 00:54:12,639 - INFO - 127.0.0.1 - - [04/Nov/2025 00:54:12] "[36mGET /static/style.css HTTP/1.1[0m" 304 -
2025-11-04 00:54:26,260 - INFO - Request from 127.0.0.1 to predict
2025-11-04 00:54:26,272 - INFO - File uploaded: real2_1762188866.jpg, hash: 956d573d05b43067830bc167b05a252ca4b99e4339b30a259f8cb9369dcbcb17
2025-11-04 00:54:26,973 - INFO - Prediction completed for real2_1762188866.jpg: Real (99.76000213623047%)
2025-11-04 00:54:26,976 - INFO - 127.0.0.1 - - [04/Nov/2025 00:54:26] "POST /predict HTTP/1.1" 200 -
2025-11-04 00:54:27,006 - INFO - 127.0.0.1 - - [04/Nov/2025 00:54:27] "[36mGET /static/style.css HTTP/1.1[0m" 304 -
2025-11-04 00:54:38,334 - INFO - Request from 127.0.0.1 to predict
2025-11-04 00:54:38,348 - INFO - File uploaded: real3_1762188878.jpg, hash: d3bc98a27dc7115e2fa1e90b55f088c568139c0895cf1751116edbb509df4d08
2025-11-04 00:54:39,081 - INFO - Prediction completed for real3_1762188878.jpg: Real (81.36000061035156%)
2025-11-04 00:54:39,084 - INFO - 127.0.0.1 - - [04/Nov/2025 00:54:39] "POST /predict HTTP/1.1" 200 -
2025-11-04 00:54:39,107 - INFO - 127.0.0.1 - - [04/Nov/2025 00:54:39] "[36mGET /static/style.css HTTP/1.1[0m" 304 -
2025-11-04 00:54:50,024 - INFO - Request from 127.0.0.1 to predict
2025-11-04 00:54:50,036 - INFO - File uploaded: real4_1762188890.jpg, hash: 1a62b715788706d3dc12f3bfa94b6b1ff6576fee7a7848fb48ddd8c049b1e38c
2025-11-04 00:54:50,752 - INFO - Prediction completed for real4_1762188890.jpg: Real (99.98999786376953%)
2025-11-04 00:54:50,755 - INFO - 127.0.0.1 - - [04/Nov/2025 00:54:50] "POST /predict HTTP/1.1" 200 -
2025-11-04 00:54:50,783 - INFO - 127.0.0.1 - - [04/Nov/2025 00:54:50] "[36mGET /static/style.css HTTP/1.1[0m" 304 -
2025-11-04 00:55:00,060 - INFO - Request from 127.0.0.1 to predict
2025-11-04 00:55:00,073 - INFO - File uploaded: real5_1762188900.jpg, hash: 200503ba125b4067e1ae86b827d6ce32134c4e21d32baa432ce52f8028a99e16
2025-11-04 00:55:00,818 - INFO - Prediction completed for real5_1762188900.jpg: Fake (90.79000091552734%)
2025-11-04 00:55:00,821 - INFO - 127.0.0.1 - - [04/Nov/2025 00:55:00] "POST /predict HTTP/1.1" 200 -
2025-11-04 00:55:00,845 - INFO - 127.0.0.1 - - [04/Nov/2025 00:55:00] "[36mGET /static/style.css HTTP/1.1[0m" 304 -
2025-11-04 00:55:39,732 - INFO - Request from 127.0.0.1 to predict
2025-11-04 00:55:39,744 - INFO - File uploaded: real6_1762188939.jpg, hash: 9bc7d684ef58039000f9112a1cdb88040ba0372b0f9bd27a2b806344c11c3344
2025-11-04 00:55:40,520 - INFO - Prediction completed for real6_1762188939.jpg: Real (99.80999755859375%)
2025-11-04 00:55:40,523 - INFO - 127.0.0.1 - - [04/Nov/2025 00:55:40] "POST /predict HTTP/1.1" 200 -
2025-11-04 00:55:40,553 - INFO - 127.0.0.1 - - [04/Nov/2025 00:55:40] "[36mGET /static/style.css HTTP/1.1[0m" 304 -
2025-11-04 00:55:51,377 - INFO - Request from 127.0.0.1 to predict
2025-11-04 00:55:51,391 - INFO - File uploaded: real7_1762188951.jpg, hash: 3e87904823b606394e2bebff322938f35e4c54f4dcb9bc45b5077995b78ea521
2025-11-04 00:55:52,091 - INFO - Prediction completed for real7_1762188951.jpg: Real (100.0%)
2025-11-04 00:55:52,095 - INFO - 127.0.0.1 - - [04/Nov/2025 00:55:52] "POST /predict HTTP/1.1" 200 -
2025-11-04 00:55:52,119 - INFO - 127.0.0.1 - - [04/Nov/2025 00:55:52] "[36mGET /static/style.css HTTP/1.1[0m" 304 -
2025-11-04 00:56:00,733 - INFO - Request from 127.0.0.1 to predict
2025-11-04 00:56:00,749 - INFO - File uploaded: real8_1762188960.jpg, hash: 6e146cfeac54e7f56dc63725e6ab50be38f9df91e5a294728a6fc68329fbd7e1
2025-11-04 00:56:01,459 - INFO - Prediction completed for real8_1762188960.jpg: Real (99.37000274658203%)
2025-11-04 00:56:01,464 - INFO - 127.0.0.1 - - [04/Nov/2025 00:56:01] "POST /predict HTTP/1.1" 200 -
2025-11-04 00:56:01,488 - INFO - 127.0.0.1 - - [04/Nov/2025 00:56:01] "[36mGET /static/style.css HTTP/1.1[0m" 304 -
2025-11-04 00:56:14,589 - INFO - Request from 127.0.0.1 to predict
2025-11-04 00:56:14,602 - INFO - File uploaded: real9_1762188974.jpg, hash: 8fdea31dd5fd42e4ed0202f11f2e1e30a53621e2a725d3f903e27f0ec1d5c3cb
2025-11-04 00:56:15,298 - INFO - Prediction completed for real9_1762188974.jpg: Real (100.0%)
2025-11-04 00:56:15,301 - INFO - 127.0.0.1 - - [04/Nov/2025 00:56:15] "POST /predict HTTP/1.1" 200 -
2025-11-04 00:56:15,323 - INFO - 127.0.0.1 - - [04/Nov/2025 00:56:15] "[36mGET /static/style.css HTTP/1.1[0m" 304 -
2025-11-04 00:56:25,709 - INFO - Request from 127.0.0.1 to predict
2025-11-04 00:56:25,723 - INFO - File uploaded: real10_1762188985.jpg, hash: 041cf44dba4f92824e003e26495240fbeb0678bfb5d4f4ce1e6016636457c722
2025-11-04 00:56:26,485 - INFO - Prediction completed for real10_1762188985.jpg: Real (99.97000122070312%)
2025-11-04 00:56:26,488 - INFO - 127.0.0.1 - - [04/Nov/2025 00:56:26] "POST /predict HTTP/1.1" 200 -
2025-11-04 00:56:26,514 - INFO - 127.0.0.1 - - [04/Nov/2025 00:56:26] "[36mGET /static/style.css HTTP/1.1[0m" 304 -
2025-11-04 00:58:04,146 - INFO - Request from 127.0.0.1 to predict
2025-11-04 00:58:04,157 - INFO - File uploaded: real10_1762189084.jpg, hash: 041cf44dba4f92824e003e26495240fbeb0678bfb5d4f4ce1e6016636457c722
2025-11-04 00:58:04,802 - INFO - Prediction completed for real10_1762189084.jpg: Real (99.97000122070312%)
2025-11-04 00:58:04,803 - INFO - 127.0.0.1 - - [04/Nov/2025 00:58:04] "POST /predict HTTP/1.1" 200 -
2025-11-04 00:58:04,832 - INFO - 127.0.0.1 - - [04/Nov/2025 00:58:04] "[36mGET /static/style.css HTTP/1.1[0m" 304 -
2025-11-04 00:58:33,093 - INFO - [31m[1mWARNING: This is a development server. Do not use it in a production deployment. Use a production WSGI server instead.[0m
 * Running on http://127.0.0.1:5000
2025-11-04 00:58:33,093 - INFO - [33mPress CTRL+C to quit[0m
2025-11-04 00:58:43,814 - INFO - Request from 127.0.0.1 to index
2025-11-04 00:58:43,825 - INFO - 127.0.0.1 - - [04/Nov/2025 00:58:43] "GET / HTTP/1.1" 200 -
2025-11-04 00:58:43,911 - INFO - 127.0.0.1 - - [04/Nov/2025 00:58:43] "[36mGET /static/style.css HTTP/1.1[0m" 304 -
2025-11-04 00:59:49,571 - INFO - Request from 127.0.0.1 to predict
2025-11-04 00:59:49,584 - INFO - File uploaded: OSOGIESHGIUG_1762189189.jpeg, hash: e8b215a92d2503c30a3306dfed73ddb5ee09514ba234ad69f54a3618b6402a68
2025-11-04 00:59:51,069 - INFO - Prediction completed for OSOGIESHGIUG_1762189189.jpeg: Real (100.0%)
2025-11-04 00:59:51,072 - INFO - 127.0.0.1 - - [04/Nov/2025 00:59:51] "POST /predict HTTP/1.1" 200 -
2025-11-04 00:59:51,105 - INFO - 127.0.0.1 - - [04/Nov/2025 00:59:51] "[36mGET /static/style.css HTTP/1.1[0m" 304 -
2025-11-04 01:00:25,855 - INFO - Request from 127.0.0.1 to predict
2025-11-04 01:00:25,867 - INFO - File uploaded: SNOSIWSG_1762189225.jpeg, hash: c2e506d7756b69dd73902b9b851893ebb930ea7f24c930933f92f9f83a6747ce
2025-11-04 01:00:26,515 - INFO - Prediction completed for SNOSIWSG_1762189225.jpeg: Real (99.93000030517578%)
2025-11-04 01:00:26,519 - INFO - 127.0.0.1 - - [04/Nov/2025 01:00:26] "POST /predict HTTP/1.1" 200 -
2025-11-04 01:00:26,549 - INFO - 127.0.0.1 - - [04/Nov/2025 01:00:26] "[36mGET /static/style.css HTTP/1.1[0m" 304 -
2025-11-04 01:00:37,704 - INFO - Request from 127.0.0.1 to predict
2025-11-04 01:00:37,717 - INFO - File uploaded: ERHSGGIU_1762189237.jpeg, hash: 9c3643af2b2339606c5bad8867ec186fe6c7d9312f9704107e46ff8afaea28cb
2025-11-04 01:00:38,396 - INFO - Prediction completed for ERHSGGIU_1762189237.jpeg: Real (100.0%)
2025-11-04 01:00:38,398 - INFO - 127.0.0.1 - - [04/Nov/2025 01:00:38] "POST /predict HTTP/1.1" 200 -
2025-11-04 01:00:38,421 - INFO - 127.0.0.1 - - [04/Nov/2025 01:00:38] "[36mGET /static/style.css HTTP/1.1[0m" 304 -
2025-11-04 01:00:51,405 - INFO - Request from 127.0.0.1 to predict
2025-11-04 01:00:51,416 - INFO - File uploaded: ERHSGGIU_1762189251.jpeg, hash: 9c3643af2b2339606c5bad8867ec186fe6c7d9312f9704107e46ff8afaea28cb
2025-11-04 01:00:52,092 - INFO - Prediction completed for ERHSGGIU_1762189251.jpeg: Real (100.0%)
2025-11-04 01:00:52,094 - INFO - 127.0.0.1 - - [04/Nov/2025 01:00:52] "POST /predict HTTP/1.1" 200 -
2025-11-04 01:00:52,119 - INFO - 127.0.0.1 - - [04/Nov/2025 01:00:52] "[36mGET /static/style.css HTTP/1.1[0m" 304 -
2025-11-04 01:00:58,751 - INFO - Request from 127.0.0.1 to predict
2025-11-04 01:00:58,762 - INFO - File uploaded: RESBSN_1762189258.jpeg, hash: ddfb70e3e6682ec6a3a1d0eff268ecf43655242d04386a8b456cd6e43fb260e0
2025-11-04 01:00:59,499 - INFO - Prediction completed for RESBSN_1762189258.jpeg: Real (100.0%)
2025-11-04 01:00:59,502 - INFO - 127.0.0.1 - - [04/Nov/2025 01:00:59] "POST /predict HTTP/1.1" 200 -
2025-11-04 01:00:59,527 - INFO - 127.0.0.1 - - [04/Nov/2025 01:00:59] "[36mGET /static/style.css HTTP/1.1[0m" 304 -
2025-11-04 01:01:10,742 - INFO - Request from 127.0.0.1 to predict
2025-11-04 01:01:10,757 - INFO - File uploaded: SETIGRTIS_1762189270.jpeg, hash: 9edd39979c521565c661c2099727058cace91031302ef6e558c11bb0be0892fe
2025-11-04 01:01:11,495 - INFO - Prediction completed for SETIGRTIS_1762189270.jpeg: Real (99.04000091552734%)
2025-11-04 01:01:11,498 - INFO - 127.0.0.1 - - [04/Nov/2025 01:01:11] "POST /predict HTTP/1.1" 200 -
2025-11-04 01:01:11,521 - INFO - 127.0.0.1 - - [04/Nov/2025 01:01:11] "[36mGET /static/style.css HTTP/1.1[0m" 304 -
2025-11-04 01:01:30,809 - INFO - Request from 127.0.0.1 to predict
2025-11-04 01:01:30,819 - INFO - File uploaded: SETIGRTIS_1762189290.jpeg, hash: 9edd39979c521565c661c2099727058cace91031302ef6e558c11bb0be0892fe
2025-11-04 01:01:31,555 - INFO - Prediction completed for SETIGRTIS_1762189290.jpeg: Real (99.04000091552734%)
2025-11-04 01:01:31,556 - INFO - 127.0.0.1 - - [04/Nov/2025 01:01:31] "POST /predict HTTP/1.1" 200 -
2025-11-04 01:01:31,584 - INFO - 127.0.0.1 - - [04/Nov/2025 01:01:31] "[36mGET /static/style.css HTTP/1.1[0m" 304 -
2025-11-04 01:01:51,213 - INFO - Request from 127.0.0.1 to predict
2025-11-04 01:01:51,223 - INFO - File uploaded: OOAREEE_1762189311.jpeg, hash: 220a9a56eb9ea9385ceaaccfb7589510a1554e6332dba32fb76990756c189d57
2025-11-04 01:01:51,991 - INFO - Prediction completed for OOAREEE_1762189311.jpeg: Real (99.87000274658203%)
2025-11-04 01:01:51,993 - INFO - 127.0.0.1 - - [04/Nov/2025 01:01:51] "POST /predict HTTP/1.1" 200 -
2025-11-04 01:01:52,017 - INFO - 127.0.0.1 - - [04/Nov/2025 01:01:52] "[36mGET /static/style.css HTTP/1.1[0m" 304 -
2025-11-04 01:02:08,671 - INFO - Request from 127.0.0.1 to predict
2025-11-04 01:02:08,688 - INFO - File uploaded: SOIRTUORS_1762189328.jpeg, hash: a162ff4140284a55865422bb00329e726ccb1772c27996c359bbc56ea981c4c7
2025-11-04 01:02:09,343 - INFO - Prediction completed for SOIRTUORS_1762189328.jpeg: Real (98.83000183105469%)
2025-11-04 01:02:09,345 - INFO - 127.0.0.1 - - [04/Nov/2025 01:02:09] "POST /predict HTTP/1.1" 200 -
2025-11-04 01:02:09,371 - INFO - 127.0.0.1 - - [04/Nov/2025 01:02:09] "[36mGET /static/style.css HTTP/1.1[0m" 304 -
2025-11-04 01:02:26,359 - INFO - Request from 127.0.0.1 to predict
2025-11-04 01:02:26,370 - INFO - File uploaded: MNCBDBTJS_1762189346.jpeg, hash: e75ffb728db8432a99753508c05e7539bc3bcdfe675ec7713e658734669b5bb6
2025-11-04 01:02:27,027 - INFO - Prediction completed for MNCBDBTJS_1762189346.jpeg: Real (99.9800033569336%)
2025-11-04 01:02:27,029 - INFO - 127.0.0.1 - - [04/Nov/2025 01:02:27] "POST /predict HTTP/1.1" 200 -
2025-11-04 01:02:27,052 - INFO - 127.0.0.1 - - [04/Nov/2025 01:02:27] "[36mGET /static/style.css HTTP/1.1[0m" 304 -
2025-11-04 01:02:50,765 - INFO - Request from 127.0.0.1 to predict
2025-11-04 01:02:50,777 - INFO - File uploaded: YAJBRSJS_1762189370.jpeg, hash: c486fdf6c684f93fbce7b11b6dd6ba893afccf0f14c92b3ac6b3c37f9e0b9318
2025-11-04 01:02:51,434 - INFO - Prediction completed for YAJBRSJS_1762189370.jpeg: Real (99.76000213623047%)
2025-11-04 01:02:51,443 - INFO - 127.0.0.1 - - [04/Nov/2025 01:02:51] "POST /predict HTTP/1.1" 200 -
2025-11-04 01:02:51,465 - INFO - 127.0.0.1 - - [04/Nov/2025 01:02:51] "[36mGET /static/style.css HTTP/1.1[0m" 304 -
2025-11-04 01:03:30,687 - INFO - Request from 127.0.0.1 to predict
2025-11-04 01:03:30,699 - INFO - File uploaded: TRSHIRUHI_1762189410.jpeg, hash: dc1db520bbbf3ec10f4cadccf5163deedc3593d2fdcf9199777a51c342ee3c4f
2025-11-04 01:03:31,359 - INFO - Prediction completed for TRSHIRUHI_1762189410.jpeg: Real (99.83000183105469%)
2025-11-04 01:03:31,361 - INFO - 127.0.0.1 - - [04/Nov/2025 01:03:31] "POST /predict HTTP/1.1" 200 -
2025-11-04 01:03:31,386 - INFO - 127.0.0.1 - - [04/Nov/2025 01:03:31] "[36mGET /static/style.css HTTP/1.1[0m" 304 -
2025-11-04 01:03:51,469 - INFO - Request from 127.0.0.1 to predict
2025-11-04 01:03:51,479 - INFO - File uploaded: MGHSEGU_1762189431.jpeg, hash: c46a9db7990a0f1e9b88380123a75e95d73689fbb1ddffc3a8fb1917661d60f4
2025-11-04 01:03:52,127 - INFO - Prediction completed for MGHSEGU_1762189431.jpeg: Real (100.0%)
2025-11-04 01:03:52,129 - INFO - 127.0.0.1 - - [04/Nov/2025 01:03:52] "POST /predict HTTP/1.1" 200 -
2025-11-04 01:03:52,151 - INFO - 127.0.0.1 - - [04/Nov/2025 01:03:52] "[36mGET /static/style.css HTTP/1.1[0m" 304 -
2025-11-04 01:04:16,102 - INFO - Request from 127.0.0.1 to predict
2025-11-04 01:04:16,113 - INFO - File uploaded: SGEUYFUAE_1762189456.jpeg, hash: d034c090a04e41ccade7b7007a44272379dc05d071c34d96e2e7d232b8e2b286
2025-11-04 01:04:16,783 - INFO - Prediction completed for SGEUYFUAE_1762189456.jpeg: Real (98.05000305175781%)
2025-11-04 01:04:16,784 - INFO - 127.0.0.1 - - [04/Nov/2025 01:04:16] "POST /predict HTTP/1.1" 200 -
2025-11-04 01:04:16,809 - INFO - 127.0.0.1 - - [04/Nov/2025 01:04:16] "[36mGET /static/style.css HTTP/1.1[0m" 304 -
2025-11-04 01:04:32,188 - INFO - Request from 127.0.0.1 to predict
2025-11-04 01:04:32,200 - INFO - File uploaded: DXNBJKTRD_1762189472.jpeg, hash: 774474731b42a3d33b22b9c92e3e44c3f57e0563269495ece8fd2c6d0ede3548
2025-11-04 01:04:32,869 - INFO - Prediction completed for DXNBJKTRD_1762189472.jpeg: Real (99.97000122070312%)
2025-11-04 01:04:32,872 - INFO - 127.0.0.1 - - [04/Nov/2025 01:04:32] "POST /predict HTTP/1.1" 200 -
2025-11-04 01:04:32,900 - INFO - 127.0.0.1 - - [04/Nov/2025 01:04:32] "[36mGET /static/style.css HTTP/1.1[0m" 304 -
2025-11-04 01:04:51,309 - INFO - Request from 127.0.0.1 to predict
2025-11-04 01:04:51,324 - INFO - File uploaded: DROIRHD_1762189491.jpeg, hash: fedf528350a7ef0eff5040719321d5f2a2593c1bf44a4ab358ae5df214e3734d
2025-11-04 01:04:51,963 - INFO - Prediction completed for DROIRHD_1762189491.jpeg: Real (99.93000030517578%)
2025-11-04 01:04:51,965 - INFO - 127.0.0.1 - - [04/Nov/2025 01:04:51] "POST /predict HTTP/1.1" 200 -
2025-11-04 01:04:51,991 - INFO - 127.0.0.1 - - [04/Nov/2025 01:04:51] "[36mGET /static/style.css HTTP/1.1[0m" 304 -
2025-11-04 01:05:19,623 - INFO - Request from 127.0.0.1 to predict
2025-11-04 01:05:19,633 - INFO - File uploaded: KELFSRDRHT_1762189519.jpeg, hash: a408b59c897769150f06f2d684dd208f38744c92db31b07b0c889933dcf8af52
2025-11-04 01:05:20,276 - INFO - Prediction completed for KELFSRDRHT_1762189519.jpeg: Real (99.0199966430664%)
2025-11-04 01:05:20,278 - INFO - 127.0.0.1 - - [04/Nov/2025 01:05:20] "POST /predict HTTP/1.1" 200 -
2025-11-04 01:05:20,306 - INFO - 127.0.0.1 - - [04/Nov/2025 01:05:20] "[36mGET /static/style.css HTTP/1.1[0m" 304 -
2025-11-04 01:05:35,732 - INFO - Request from 127.0.0.1 to predict
2025-11-04 01:05:35,743 - INFO - File uploaded: VBDBGNSG_1762189535.jpeg, hash: 72c85e1bddacdb95b75bdbb2d294222d265ab9582c7e4aa33bea27e91b71e59b
2025-11-04 01:05:36,412 - INFO - Prediction completed for VBDBGNSG_1762189535.jpeg: Real (99.83000183105469%)
2025-11-04 01:05:36,414 - INFO - 127.0.0.1 - - [04/Nov/2025 01:05:36] "POST /predict HTTP/1.1" 200 -
2025-11-04 01:05:36,441 - INFO - 127.0.0.1 - - [04/Nov/2025 01:05:36] "[36mGET /static/style.css HTTP/1.1[0m" 304 -
2025-11-04 01:05:50,382 - INFO - Request from 127.0.0.1 to predict
2025-11-04 01:05:50,396 - INFO - File uploaded: IUORTHDXJ_1762189550.jpeg, hash: 9bb9ae75f177b9e05e3386ec8fb576cbb266825017977acec274c1aed3c7f9c7
2025-11-04 01:05:51,081 - INFO - Prediction completed for IUORTHDXJ_1762189550.jpeg: Real (99.95999908447266%)
2025-11-04 01:05:51,082 - INFO - 127.0.0.1 - - [04/Nov/2025 01:05:51] "POST /predict HTTP/1.1" 200 -
2025-11-04 01:05:51,106 - INFO - 127.0.0.1 - - [04/Nov/2025 01:05:51] "[36mGET /static/style.css HTTP/1.1[0m" 304 -
2025-11-04 01:06:18,756 - INFO - Request from 127.0.0.1 to predict
2025-11-04 01:06:18,768 - INFO - File uploaded: MNXBVSH_1762189578.jpeg, hash: 480cbcfada76d6b6f15e62c60b18265c85a132d2b1752272372a5f206a42a80a
2025-11-04 01:06:19,436 - INFO - Prediction completed for MNXBVSH_1762189578.jpeg: Real (99.98999786376953%)
2025-11-04 01:06:19,439 - INFO - 127.0.0.1 - - [04/Nov/2025 01:06:19] "POST /predict HTTP/1.1" 200 -
2025-11-04 01:06:19,463 - INFO - 127.0.0.1 - - [04/Nov/2025 01:06:19] "[36mGET /static/style.css HTTP/1.1[0m" 304 -
2025-11-04 01:06:41,952 - INFO - Request from 127.0.0.1 to predict
2025-11-04 01:06:41,963 - INFO - File uploaded: EYRGEUYE_1762189601.jpeg, hash: cc72c695452e925e13d8d9c7c52fa3a44f045c570789ffe538ffe2a8bdaebbd2
2025-11-04 01:06:42,605 - INFO - Prediction completed for EYRGEUYE_1762189601.jpeg: Real (98.2699966430664%)
2025-11-04 01:06:42,607 - INFO - 127.0.0.1 - - [04/Nov/2025 01:06:42] "POST /predict HTTP/1.1" 200 -
2025-11-04 01:06:42,636 - INFO - 127.0.0.1 - - [04/Nov/2025 01:06:42] "[36mGET /static/style.css HTTP/1.1[0m" 304 -
2025-11-04 01:07:03,505 - INFO - Request from 127.0.0.1 to predict
2025-11-04 01:07:03,518 - INFO - File uploaded: BALLOARVB_1762189623.jpeg, hash: 5c78c53386817787d886633945895eecb9ade4000ab9e959c67f60edd7a168b2
2025-11-04 01:07:04,279 - INFO - Prediction completed for BALLOARVB_1762189623.jpeg: Real (99.47000122070312%)
2025-11-04 01:07:04,280 - INFO - 127.0.0.1 - - [04/Nov/2025 01:07:04] "POST /predict HTTP/1.1" 200 -
2025-11-04 01:07:04,308 - INFO - 127.0.0.1 - - [04/Nov/2025 01:07:04] "[36mGET /static/style.css HTTP/1.1[0m" 304 -
2025-11-04 01:07:21,445 - INFO - Request from 127.0.0.1 to predict
2025-11-04 01:07:21,459 - INFO - File uploaded: WESHEJSDKB_1762189641.jpeg, hash: b911434ea096be9b436641094ecea3c229ede216f38269436d6f4f08ccdfc9dc
2025-11-04 01:07:22,120 - INFO - Prediction completed for WESHEJSDKB_1762189641.jpeg: Real (99.86000061035156%)
2025-11-04 01:07:22,122 - INFO - 127.0.0.1 - - [04/Nov/2025 01:07:22] "POST /predict HTTP/1.1" 200 -
2025-11-04 01:07:22,150 - INFO - 127.0.0.1 - - [04/Nov/2025 01:07:22] "[36mGET /static/style.css HTTP/1.1[0m" 304 -
2025-11-04 01:07:37,457 - INFO - Request from 127.0.0.1 to predict
2025-11-04 01:07:37,468 - INFO - File uploaded: LFOFWVEFH_1762189657.jpeg, hash: 9efe909148cc4db999c0d54c05b71302994ef1fbf6db870db4fe2a4ec2b3fe28
2025-11-04 01:07:38,120 - INFO - Prediction completed for LFOFWVEFH_1762189657.jpeg: Real (99.95999908447266%)
2025-11-04 01:07:38,122 - INFO - 127.0.0.1 - - [04/Nov/2025 01:07:38] "POST /predict HTTP/1.1" 200 -
2025-11-04 01:07:38,150 - INFO - 127.0.0.1 - - [04/Nov/2025 01:07:38] "[36mGET /static/style.css HTTP/1.1[0m" 304 -
2025-11-04 01:08:00,490 - INFO - Request from 127.0.0.1 to predict
2025-11-04 01:08:00,501 - INFO - File uploaded: JMAEEL_1762189680.jpeg, hash: ca46ac529c73f47c6f64e00b90d62c6332ddda28b27d2c55b9b87c9adca2577f
2025-11-04 01:08:01,150 - INFO - Prediction completed for JMAEEL_1762189680.jpeg: Real (99.94000244140625%)
2025-11-04 01:08:01,152 - INFO - 127.0.0.1 - - [04/Nov/2025 01:08:01] "POST /predict HTTP/1.1" 200 -
2025-11-04 01:08:01,175 - INFO - 127.0.0.1 - - [04/Nov/2025 01:08:01] "[36mGET /static/style.css HTTP/1.1[0m" 304 -
2025-11-04 01:08:19,339 - INFO - Request from 127.0.0.1 to predict
2025-11-04 01:08:19,349 - INFO - File uploaded: GNDVXJHBX_1762189699.jpeg, hash: f5e90516520716009a2ca52941fc859f53b97c61d76767633152798a61d9cd80
2025-11-04 01:08:20,093 - INFO - Prediction completed for GNDVXJHBX_1762189699.jpeg: Real (98.98999786376953%)
2025-11-04 01:08:20,095 - INFO - 127.0.0.1 - - [04/Nov/2025 01:08:20] "POST /predict HTTP/1.1" 200 -
2025-11-04 01:08:20,120 - INFO - 127.0.0.1 - - [04/Nov/2025 01:08:20] "[36mGET /static/style.css HTTP/1.1[0m" 304 -
2025-11-04 01:08:35,444 - INFO - Request from 127.0.0.1 to predict
2025-11-04 01:08:35,454 - INFO - File uploaded: IURDIDB_1762189715.jpeg, hash: 424c5bded93aa4e95dc5e88447921004cf4fe4f0223a8f296c00ea9e22c06323
2025-11-04 01:08:36,123 - INFO - Prediction completed for IURDIDB_1762189715.jpeg: Real (100.0%)
2025-11-04 01:08:36,125 - INFO - 127.0.0.1 - - [04/Nov/2025 01:08:36] "POST /predict HTTP/1.1" 200 -
2025-11-04 01:08:36,149 - INFO - 127.0.0.1 - - [04/Nov/2025 01:08:36] "[36mGET /static/style.css HTTP/1.1[0m" 304 -
2025-11-04 01:09:01,618 - INFO - Request from 127.0.0.1 to predict
2025-11-04 01:09:01,628 - INFO - File uploaded: VNVJSHVSJ_1762189741.jpeg, hash: ec1f7017965250ee560c4dc167b4369dc81989ca0407384687b6217b53fa4489
2025-11-04 01:09:02,276 - INFO - Prediction completed for VNVJSHVSJ_1762189741.jpeg: Real (77.95999908447266%)
2025-11-04 01:09:02,279 - INFO - 127.0.0.1 - - [04/Nov/2025 01:09:02] "POST /predict HTTP/1.1" 200 -
2025-11-04 01:09:02,305 - INFO - 127.0.0.1 - - [04/Nov/2025 01:09:02] "[36mGET /static/style.css HTTP/1.1[0m" 304 -
2025-11-04 01:09:25,528 - INFO - Request from 127.0.0.1 to predict
2025-11-04 01:09:25,541 - INFO - File uploaded: DVBSEJVZ_1762189765.jpeg, hash: 1e8f0011ac84735f2b4ba26d89bd22b21ea1bdd66414989b9cba84dc1eb89393
2025-11-04 01:09:26,217 - INFO - Prediction completed for DVBSEJVZ_1762189765.jpeg: Real (100.0%)
2025-11-04 01:09:26,220 - INFO - 127.0.0.1 - - [04/Nov/2025 01:09:26] "POST /predict HTTP/1.1" 200 -
2025-11-04 01:09:26,248 - INFO - 127.0.0.1 - - [04/Nov/2025 01:09:26] "[36mGET /static/style.css HTTP/1.1[0m" 304 -
2025-11-04 01:09:41,533 - INFO - Request from 127.0.0.1 to predict
2025-11-04 01:09:41,544 - INFO - File uploaded: USBFJAEJH_1762189781.jpeg, hash: 76209586fddc24cc3ce607e3f6ce2c25771f88cc58275937cba7d974a36bb065
2025-11-04 01:09:42,260 - INFO - Prediction completed for USBFJAEJH_1762189781.jpeg: Real (99.81999969482422%)
2025-11-04 01:09:42,261 - INFO - 127.0.0.1 - - [04/Nov/2025 01:09:42] "POST /predict HTTP/1.1" 200 -
2025-11-04 01:09:42,290 - INFO - 127.0.0.1 - - [04/Nov/2025 01:09:42] "[36mGET /static/style.css HTTP/1.1[0m" 304 -
2025-11-04 01:10:17,795 - INFO - Request from 127.0.0.1 to predict
2025-11-04 01:10:17,811 - INFO - File uploaded: USBFJAEJH_1762189817.jpeg, hash: 76209586fddc24cc3ce607e3f6ce2c25771f88cc58275937cba7d974a36bb065
2025-11-04 01:10:18,628 - INFO - Prediction completed for USBFJAEJH_1762189817.jpeg: Real (99.81999969482422%)
2025-11-04 01:10:18,630 - INFO - 127.0.0.1 - - [04/Nov/2025 01:10:18] "POST /predict HTTP/1.1" 200 -
2025-11-04 01:10:18,661 - INFO - 127.0.0.1 - - [04/Nov/2025 01:10:18] "[36mGET /static/style.css HTTP/1.1[0m" 304 -
2025-11-04 01:10:29,487 - INFO - Request from 127.0.0.1 to predict
2025-11-04 01:10:29,500 - INFO - File uploaded: YAFIRGITA_1762189829.jpeg, hash: 973df55b06d5147548aee8c0816b72d1cbb3e328158ac96a83c7c804572cc177
2025-11-04 01:10:30,169 - INFO - Prediction completed for YAFIRGITA_1762189829.jpeg: Real (90.7300033569336%)
2025-11-04 01:10:30,170 - INFO - 127.0.0.1 - - [04/Nov/2025 01:10:30] "POST /predict HTTP/1.1" 200 -
2025-11-04 01:10:30,202 - INFO - 127.0.0.1 - - [04/Nov/2025 01:10:30] "[36mGET /static/style.css HTTP/1.1[0m" 304 -
2025-11-04 01:10:44,857 - INFO - Request from 127.0.0.1 to predict
2025-11-04 01:10:44,868 - INFO - File uploaded: ZUKOO_1762189844.jpeg, hash: d5aaeac13f6c7d89154b51b54a4bc047b6ef736fe80ac6b1975c74b243a21146
2025-11-04 01:10:45,527 - INFO - Prediction completed for ZUKOO_1762189844.jpeg: Real (99.9800033569336%)
2025-11-04 01:10:45,528 - INFO - 127.0.0.1 - - [04/Nov/2025 01:10:45] "POST /predict HTTP/1.1" 200 -
2025-11-04 01:10:45,555 - INFO - 127.0.0.1 - - [04/Nov/2025 01:10:45] "[36mGET /static/style.css HTTP/1.1[0m" 304 -
2025-11-04 01:11:05,667 - INFO - Request from 127.0.0.1 to predict
2025-11-04 01:11:05,677 - INFO - File uploaded: AJFKSARJGES_1762189865.jpeg, hash: d7cf342808cc60a5203fe93081d0c787c1d8ab958d6f24864c7b2491fe996861
2025-11-04 01:11:06,339 - INFO - Prediction completed for AJFKSARJGES_1762189865.jpeg: Real (99.91999816894531%)
2025-11-04 01:11:06,341 - INFO - 127.0.0.1 - - [04/Nov/2025 01:11:06] "POST /predict HTTP/1.1" 200 -
2025-11-04 01:11:06,366 - INFO - 127.0.0.1 - - [04/Nov/2025 01:11:06] "[36mGET /static/style.css HTTP/1.1[0m" 304 -
2025-11-04 01:11:28,988 - INFO - Request from 127.0.0.1 to predict
2025-11-04 01:11:29,001 - INFO - File uploaded: LATEBSFSV_1762189888.jpeg, hash: 4e91e8448fa91be1503e5742b5665900a031af2215815f50cfada260896ed9f3
2025-11-04 01:11:29,692 - INFO - Prediction completed for LATEBSFSV_1762189888.jpeg: Real (99.98999786376953%)
2025-11-04 01:11:29,695 - INFO - 127.0.0.1 - - [04/Nov/2025 01:11:29] "POST /predict HTTP/1.1" 200 -
2025-11-04 01:11:29,719 - INFO - 127.0.0.1 - - [04/Nov/2025 01:11:29] "[36mGET /static/style.css HTTP/1.1[0m" 304 -
2025-11-04 01:11:43,869 - INFO - Request from 127.0.0.1 to predict
2025-11-04 01:11:43,881 - INFO - File uploaded: VAMPIRE_1762189903.jpeg, hash: 17742891b877ac478794db3dffcd9a3c795386a9a2296b3d17fbf8e05583a61b
2025-11-04 01:11:44,572 - INFO - Prediction completed for VAMPIRE_1762189903.jpeg: Real (100.0%)
2025-11-04 01:11:44,574 - INFO - 127.0.0.1 - - [04/Nov/2025 01:11:44] "POST /predict HTTP/1.1" 200 -
2025-11-04 01:11:44,602 - INFO - 127.0.0.1 - - [04/Nov/2025 01:11:44] "[36mGET /static/style.css HTTP/1.1[0m" 304 -
2025-11-04 01:12:04,027 - INFO - Request from 127.0.0.1 to predict
2025-11-04 01:12:04,040 - INFO - File uploaded: AIRPLANRJS_1762189924.jpeg, hash: 76feca30d889d2f096d24211fdb4d31c5bc12ef61e3e5f1bfbd574632de57fed
2025-11-04 01:12:04,778 - INFO - Prediction completed for AIRPLANRJS_1762189924.jpeg: Real (97.54000091552734%)
2025-11-04 01:12:04,781 - INFO - 127.0.0.1 - - [04/Nov/2025 01:12:04] "POST /predict HTTP/1.1" 200 -
2025-11-04 01:12:04,804 - INFO - 127.0.0.1 - - [04/Nov/2025 01:12:04] "[36mGET /static/style.css HTTP/1.1[0m" 304 -
2025-11-04 01:12:24,509 - INFO - Request from 127.0.0.1 to predict
2025-11-04 01:12:24,521 - INFO - File uploaded: OIRYYDBN_1762189944.jpeg, hash: 8e614cf3cfbc639065157d7d2bfa202ea1f1704c89f00bc20a4435c50b1a4d50
2025-11-04 01:12:25,204 - INFO - Prediction completed for OIRYYDBN_1762189944.jpeg: Real (99.88999938964844%)
2025-11-04 01:12:25,206 - INFO - 127.0.0.1 - - [04/Nov/2025 01:12:25] "POST /predict HTTP/1.1" 200 -
2025-11-04 01:12:25,229 - INFO - 127.0.0.1 - - [04/Nov/2025 01:12:25] "[36mGET /static/style.css HTTP/1.1[0m" 304 -
2025-11-04 01:12:38,724 - INFO - Request from 127.0.0.1 to predict
2025-11-04 01:12:38,734 - INFO - File uploaded: PSRGUJSBS_1762189958.jpeg, hash: 6e388d29faca5e9cc1c5f03d2c9c25acaf0bb1901df2683b787886ce41e15dac
2025-11-04 01:12:39,401 - INFO - Prediction completed for PSRGUJSBS_1762189958.jpeg: Real (99.66999816894531%)
2025-11-04 01:12:39,402 - INFO - 127.0.0.1 - - [04/Nov/2025 01:12:39] "POST /predict HTTP/1.1" 200 -
2025-11-04 01:12:39,425 - INFO - 127.0.0.1 - - [04/Nov/2025 01:12:39] "[36mGET /static/style.css HTTP/1.1[0m" 304 -
2025-11-04 01:12:54,457 - INFO - Request from 127.0.0.1 to predict
2025-11-04 01:12:54,469 - INFO - File uploaded: MRSUYGE_1762189974.jpeg, hash: 5a8e3ef7c5505c71aeceb98cac3f9d430657274201401fdebac15ba138f859b1
2025-11-04 01:12:55,222 - INFO - Prediction completed for MRSUYGE_1762189974.jpeg: Real (99.97000122070312%)
2025-11-04 01:12:55,225 - INFO - 127.0.0.1 - - [04/Nov/2025 01:12:55] "POST /predict HTTP/1.1" 200 -
2025-11-04 01:12:55,252 - INFO - 127.0.0.1 - - [04/Nov/2025 01:12:55] "[36mGET /static/style.css HTTP/1.1[0m" 304 -
2025-11-04 01:13:25,393 - INFO - Request from 127.0.0.1 to predict
2025-11-04 01:13:25,404 - INFO - File uploaded: GENWAF_1762190005.jpeg, hash: 9bdd64609f42c1e26d2fcc5d34f81d281a6109090837757c091a64f83c5a582d
2025-11-04 01:13:26,034 - INFO - Prediction completed for GENWAF_1762190005.jpeg: Real (99.98999786376953%)
2025-11-04 01:13:26,035 - INFO - 127.0.0.1 - - [04/Nov/2025 01:13:26] "POST /predict HTTP/1.1" 200 -
2025-11-04 01:13:26,064 - INFO - 127.0.0.1 - - [04/Nov/2025 01:13:26] "[36mGET /static/style.css HTTP/1.1[0m" 304 -
2025-11-04 01:13:36,084 - INFO - Request from 127.0.0.1 to predict
2025-11-04 01:13:36,097 - INFO - File uploaded: HESGUS_1762190016.jpeg, hash: 3ea83ee61cb6616c6bcf6bfff3b546e59c1f34834ba8661d4dbf789c4ec9d02d
2025-11-04 01:13:36,756 - INFO - Prediction completed for HESGUS_1762190016.jpeg: Real (99.94999694824219%)
2025-11-04 01:13:36,757 - INFO - 127.0.0.1 - - [04/Nov/2025 01:13:36] "POST /predict HTTP/1.1" 200 -
2025-11-04 01:13:36,781 - INFO - 127.0.0.1 - - [04/Nov/2025 01:13:36] "[36mGET /static/style.css HTTP/1.1[0m" 304 -
2025-11-04 01:13:49,647 - INFO - Request from 127.0.0.1 to predict
2025-11-04 01:13:49,658 - INFO - File uploaded: RTESRDUG_1762190029.jpeg, hash: 2132fe95c620db4775640f735fa9f33f5867cddafa69909199e1936756d8dc98
2025-11-04 01:13:50,405 - INFO - Prediction completed for RTESRDUG_1762190029.jpeg: Real (100.0%)
2025-11-04 01:13:50,407 - INFO - 127.0.0.1 - - [04/Nov/2025 01:13:50] "POST /predict HTTP/1.1" 200 -
2025-11-04 01:13:50,432 - INFO - 127.0.0.1 - - [04/Nov/2025 01:13:50] "[36mGET /static/style.css HTTP/1.1[0m" 304 -
2025-12-15 18:35:57,507 - INFO - [31m[1mWARNING: This is a development server. Do not use it in a production deployment. Use a production WSGI server instead.[0m
 * Running on http://127.0.0.1:5000
2025-12-15 18:35:57,508 - INFO - [33mPress CTRL+C to quit[0m
2025-12-15 18:35:59,419 - INFO - Request from 127.0.0.1 to index
2025-12-15 18:35:59,442 - INFO - 127.0.0.1 - - [15/Dec/2025 18:35:59] "GET / HTTP/1.1" 200 -
2025-12-15 18:35:59,700 - INFO - 127.0.0.1 - - [15/Dec/2025 18:35:59] "GET /static/style.css HTTP/1.1" 200 -
2025-12-15 18:36:05,465 - INFO - Request from 127.0.0.1 to predict
2025-12-15 18:36:05,531 - INFO - File uploaded: fake008_1765794965.jpg, hash: 62a35e7cbadb4775b6d0fd05865ef17f9e161461f67fb52030f25bc3953f5a52
2025-12-15 18:36:11,037 - INFO - Prediction completed for fake008_1765794965.jpg: Fake (97.81999969482422%)
2025-12-15 18:36:11,039 - INFO - 127.0.0.1 - - [15/Dec/2025 18:36:11] "POST /predict HTTP/1.1" 200 -
2025-12-15 18:36:11,088 - INFO - 127.0.0.1 - - [15/Dec/2025 18:36:11] "[36mGET /static/style.css HTTP/1.1[0m" 304 -
2025-12-15 18:36:25,800 - INFO - Request from 127.0.0.1 to predict
2025-12-15 18:36:25,809 - INFO - File uploaded: fake008_1765794985.jpg, hash: 62a35e7cbadb4775b6d0fd05865ef17f9e161461f67fb52030f25bc3953f5a52
2025-12-15 18:36:27,221 - INFO - Prediction completed for fake008_1765794985.jpg: Fake (97.81999969482422%)
2025-12-15 18:36:27,224 - INFO - 127.0.0.1 - - [15/Dec/2025 18:36:27] "POST /predict HTTP/1.1" 200 -
2025-12-15 18:36:27,270 - INFO - 127.0.0.1 - - [15/Dec/2025 18:36:27] "[36mGET /static/style.css HTTP/1.1[0m" 304 -
2025-12-15 18:36:32,489 - INFO - Request from 127.0.0.1 to predict
2025-12-15 18:36:32,499 - INFO - File uploaded: fake008_1765794992.jpg, hash: 62a35e7cbadb4775b6d0fd05865ef17f9e161461f67fb52030f25bc3953f5a52
2025-12-15 18:36:33,355 - INFO - Prediction completed for fake008_1765794992.jpg: Fake (97.81999969482422%)
2025-12-15 18:36:33,358 - INFO - 127.0.0.1 - - [15/Dec/2025 18:36:33] "POST /predict HTTP/1.1" 200 -
2025-12-15 18:36:33,390 - INFO - 127.0.0.1 - - [15/Dec/2025 18:36:33] "[36mGET /static/style.css HTTP/1.1[0m" 304 -
2025-12-15 19:13:56,295 - INFO - [31m[1mWARNING: This is a development server. Do not use it in a production deployment. Use a production WSGI server instead.[0m
 * Running on http://127.0.0.1:5000
2025-12-15 19:13:56,295 - INFO - [33mPress CTRL+C to quit[0m
2025-12-15 19:13:58,919 - INFO - Request from 127.0.0.1 to index
2025-12-15 19:13:58,959 - INFO - 127.0.0.1 - - [15/Dec/2025 19:13:58] "GET / HTTP/1.1" 200 -
2025-12-15 19:13:59,009 - INFO - 127.0.0.1 - - [15/Dec/2025 19:13:59] "[33mGET /Logo.png HTTP/1.1[0m" 404 -
2025-12-15 19:14:17,973 - INFO - Request from 127.0.0.1 to index
2025-12-15 19:14:17,974 - INFO - 127.0.0.1 - - [15/Dec/2025 19:14:17] "GET / HTTP/1.1" 200 -
2025-12-15 19:14:18,000 - INFO - 127.0.0.1 - - [15/Dec/2025 19:14:18] "[33mGET /Logo.png HTTP/1.1[0m" 404 -
2025-12-15 19:33:35,823 - INFO - Request from 127.0.0.1 to index
2025-12-15 19:33:35,824 - INFO - 127.0.0.1 - - [15/Dec/2025 19:33:35] "GET / HTTP/1.1" 200 -
2025-12-15 19:33:35,869 - INFO - 127.0.0.1 - - [15/Dec/2025 19:33:35] "[33mGET /Logo.png HTTP/1.1[0m" 404 -
2025-12-15 19:33:50,922 - INFO - [31m[1mWARNING: This is a development server. Do not use it in a production deployment. Use a production WSGI server instead.[0m
 * Running on http://127.0.0.1:5000
2025-12-15 19:33:50,922 - INFO - [33mPress CTRL+C to quit[0m
2025-12-15 19:33:52,311 - INFO - Request from 127.0.0.1 to index
2025-12-15 19:33:52,368 - INFO - 127.0.0.1 - - [15/Dec/2025 19:33:52] "GET / HTTP/1.1" 200 -
2025-12-15 19:33:52,407 - INFO - 127.0.0.1 - - [15/Dec/2025 19:33:52] "[33mGET /Logo.png HTTP/1.1[0m" 404 -
2025-12-15 19:46:23,014 - INFO - [31m[1mWARNING: This is a development server. Do not use it in a production deployment. Use a production WSGI server instead.[0m
 * Running on http://127.0.0.1:5000
2025-12-15 19:46:23,014 - INFO - [33mPress CTRL+C to quit[0m
2025-12-15 19:46:24,524 - INFO - Request from 127.0.0.1 to index
2025-12-15 19:46:24,584 - INFO - 127.0.0.1 - - [15/Dec/2025 19:46:24] "GET / HTTP/1.1" 200 -
2025-12-15 19:46:24,625 - INFO - 127.0.0.1 - - [15/Dec/2025 19:46:24] "[33mGET /Logo HTTP/1.1[0m" 404 -
2025-12-15 20:13:56,848 - INFO - Model loaded successfully
2025-12-15 20:13:56,858 - INFO - [31m[1mWARNING: This is a development server. Do not use it in a production deployment. Use a production WSGI server instead.[0m
 * Running on http://127.0.0.1:5000
2025-12-15 20:13:56,858 - INFO - [33mPress CTRL+C to quit[0m
2025-12-15 20:13:58,552 - INFO - 127.0.0.1 - - [15/Dec/2025 20:13:58] "GET / HTTP/1.1" 200 -
2025-12-15 20:14:21,179 - INFO - fake008_1765800858.jpg | Fake | 0.9782
2025-12-15 20:14:21,182 - INFO - 127.0.0.1 - - [15/Dec/2025 20:14:21] "POST /predict HTTP/1.1" 200 -
2025-12-15 20:14:26,088 - INFO - fake008_1765800865.jpg | Fake | 0.9782
2025-12-15 20:14:26,089 - INFO - 127.0.0.1 - - [15/Dec/2025 20:14:26] "POST /predict HTTP/1.1" 200 -
2025-12-15 20:14:27,447 - INFO - fake008_1765800866.jpg | Fake | 0.9782
2025-12-15 20:14:27,459 - INFO - 127.0.0.1 - - [15/Dec/2025 20:14:27] "POST /predict HTTP/1.1" 200 -
2025-12-15 20:14:30,974 - INFO - fake008_1765800870.jpg | Fake | 0.9782
2025-12-15 20:14:30,976 - INFO - 127.0.0.1 - - [15/Dec/2025 20:14:30] "POST /predict HTTP/1.1" 200 -
2025-12-15 20:14:41,049 - INFO - fake008_1765800879.jpg | Fake | 0.9782
2025-12-15 20:14:41,051 - INFO - 127.0.0.1 - - [15/Dec/2025 20:14:41] "POST /predict HTTP/1.1" 200 -
2025-12-15 20:14:43,106 - INFO - fake008_1765800882.jpg | Fake | 0.9782
2025-12-15 20:14:43,108 - INFO - 127.0.0.1 - - [15/Dec/2025 20:14:43] "POST /predict HTTP/1.1" 200 -
2025-12-15 20:14:44,448 - INFO - fake008_1765800883.jpg | Fake | 0.9782
2025-12-15 20:14:44,458 - INFO - 127.0.0.1 - - [15/Dec/2025 20:14:44] "POST /predict HTTP/1.1" 200 -
2025-12-15 20:14:45,253 - ERROR - Prediction failed: [Errno 2] No such file or directory: 'uploads\\fake008_1765800883.jpg'
2025-12-15 20:14:45,254 - INFO - 127.0.0.1 - - [15/Dec/2025 20:14:45] "[35m[1mPOST /predict HTTP/1.1[0m" 500 -
2025-12-15 20:14:53,270 - INFO - WhatsApp_Image_2025-12-14_at_4.32.02_PM_1765800892.jpeg | Fake | 0.8664
2025-12-15 20:14:53,272 - INFO - 127.0.0.1 - - [15/Dec/2025 20:14:53] "POST /predict HTTP/1.1" 200 -
2025-12-15 20:14:59,748 - INFO - fake008_1765800898.jpg | Fake | 0.9782
2025-12-15 20:14:59,748 - INFO - 127.0.0.1 - - [15/Dec/2025 20:14:59] "POST /predict HTTP/1.1" 200 -
2025-12-15 20:15:06,937 - INFO - WhatsApp_Image_2025-12-14_at_4.32.02_PM_1765800906.jpeg | Fake | 0.8664
2025-12-15 20:15:06,945 - INFO - 127.0.0.1 - - [15/Dec/2025 20:15:06] "POST /predict HTTP/1.1" 200 -
2025-12-15 20:15:14,798 - INFO - fake008_1765800914.jpg | Fake | 0.9782
2025-12-15 20:15:14,801 - INFO - 127.0.0.1 - - [15/Dec/2025 20:15:14] "POST /predict HTTP/1.1" 200 -
2025-12-15 20:15:20,749 - INFO - WhatsApp_Image_2025-12-14_at_4.32.02_PM_1765800919.jpeg | Fake | 0.8664
2025-12-15 20:15:20,750 - INFO - 127.0.0.1 - - [15/Dec/2025 20:15:20] "POST /predict HTTP/1.1" 200 -
2025-12-15 20:25:26,797 - INFO - 127.0.0.1 - - [15/Dec/2025 20:25:26] "GET / HTTP/1.1" 200 -
2025-12-15 20:25:28,409 - INFO - 127.0.0.1 - - [15/Dec/2025 20:25:28] "GET / HTTP/1.1" 200 -
2025-12-15 20:25:44,414 - INFO - Model loaded successfully
2025-12-15 20:25:44,427 - INFO - [31m[1mWARNING: This is a development server. Do not use it in a production deployment. Use a production WSGI server instead.[0m
 * Running on http://127.0.0.1:5000
2025-12-15 20:25:44,427 - INFO - [33mPress CTRL+C to quit[0m
2025-12-15 20:25:48,202 - INFO - 127.0.0.1 - - [15/Dec/2025 20:25:48] "GET / HTTP/1.1" 200 -
2025-12-15 20:25:48,253 - INFO - 127.0.0.1 - - [15/Dec/2025 20:25:48] "[33mGET /Logo.png HTTP/1.1[0m" 404 -
2025-12-15 20:31:51,082 - INFO - Model loaded successfully
2025-12-15 20:31:51,090 - INFO - [31m[1mWARNING: This is a development server. Do not use it in a production deployment. Use a production WSGI server instead.[0m
 * Running on http://127.0.0.1:5000
2025-12-15 20:31:51,091 - INFO - [33mPress CTRL+C to quit[0m
2025-12-15 20:31:59,415 - INFO - 127.0.0.1 - - [15/Dec/2025 20:31:59] "GET / HTTP/1.1" 200 -
2025-12-15 20:31:59,468 - INFO - 127.0.0.1 - - [15/Dec/2025 20:31:59] "[33mGET /Logo.png HTTP/1.1[0m" 404 -
2025-12-15 20:32:08,608 - INFO - fake008_1765801925.jpg | Fake | 0.9782
2025-12-15 20:32:08,610 - INFO - 127.0.0.1 - - [15/Dec/2025 20:32:08] "POST /predict HTTP/1.1" 200 -
2025-12-15 20:32:15,381 - INFO - fake008_1765801934.jpg | Fake | 0.9782
2025-12-15 20:32:15,383 - INFO - 127.0.0.1 - - [15/Dec/2025 20:32:15] "POST /predict HTTP/1.1" 200 -
2025-12-15 20:32:18,901 - INFO - fake008_1765801937.jpg | Fake | 0.9782
2025-12-15 20:32:18,909 - INFO - 127.0.0.1 - - [15/Dec/2025 20:32:18] "POST /predict HTTP/1.1" 200 -
2025-12-15 20:32:30,260 - INFO - WhatsApp_Image_2025-12-14_at_4.32.02_PM_1765801948.jpeg | Fake | 0.8664
2025-12-15 20:32:30,261 - INFO - 127.0.0.1 - - [15/Dec/2025 20:32:30] "POST /predict HTTP/1.1" 200 -
2025-12-15 20:32:36,360 - INFO - WhatsApp_Image_2025-12-14_at_4.32.02_PM_1765801955.jpeg | Fake | 0.8664
2025-12-15 20:32:36,361 - INFO - 127.0.0.1 - - [15/Dec/2025 20:32:36] "POST /predict HTTP/1.1" 200 -
2025-12-15 23:24:08,086 - INFO - fake008_1765812247.jpg | Fake | 0.9782
2025-12-15 23:24:08,087 - INFO - 127.0.0.1 - - [15/Dec/2025 23:24:08] "POST /predict HTTP/1.1" 200 -
2025-12-15 23:29:32,774 - INFO - Model loaded successfully
2025-12-15 23:29:32,800 - INFO - [31m[1mWARNING: This is a development server. Do not use it in a production deployment. Use a production WSGI server instead.[0m
 * Running on http://127.0.0.1:5000
2025-12-15 23:29:32,800 - INFO - [33mPress CTRL+C to quit[0m
2025-12-15 23:29:35,787 - INFO - 127.0.0.1 - - [15/Dec/2025 23:29:35] "GET / HTTP/1.1" 200 -
2025-12-15 23:29:35,847 - INFO - 127.0.0.1 - - [15/Dec/2025 23:29:35] "[33mGET /Logo.png HTTP/1.1[0m" 404 -
2025-12-15 23:29:43,628 - INFO - fake008_1765812580.jpg | Fake | 97.82
2025-12-15 23:29:43,629 - INFO - 127.0.0.1 - - [15/Dec/2025 23:29:43] "POST /predict HTTP/1.1" 200 -
2025-12-15 23:31:14,873 - INFO - 127.0.0.1 - - [15/Dec/2025 23:31:14] "GET / HTTP/1.1" 200 -
2025-12-15 23:31:14,944 - INFO - 127.0.0.1 - - [15/Dec/2025 23:31:14] "[33mGET /Logo.png HTTP/1.1[0m" 404 -
2025-12-15 23:34:16,619 - INFO - Model loaded successfully
2025-12-15 23:34:16,632 - INFO - [31m[1mWARNING: This is a development server. Do not use it in a production deployment. Use a production WSGI server instead.[0m
 * Running on http://127.0.0.1:5000
2025-12-15 23:34:16,632 - INFO - [33mPress CTRL+C to quit[0m
2025-12-15 23:34:18,153 - INFO - 127.0.0.1 - - [15/Dec/2025 23:34:18] "GET / HTTP/1.1" 200 -
2025-12-15 23:34:18,210 - INFO - 127.0.0.1 - - [15/Dec/2025 23:34:18] "[33mGET /static/Logo.png HTTP/1.1[0m" 404 -
2025-12-15 23:34:52,344 - INFO - Model loaded successfully
2025-12-15 23:34:52,356 - INFO - [31m[1mWARNING: This is a development server. Do not use it in a production deployment. Use a production WSGI server instead.[0m
 * Running on http://127.0.0.1:5000
2025-12-15 23:34:52,357 - INFO - [33mPress CTRL+C to quit[0m
2025-12-15 23:34:56,085 - INFO - 127.0.0.1 - - [15/Dec/2025 23:34:56] "GET / HTTP/1.1" 200 -
2025-12-15 23:34:56,246 - INFO - 127.0.0.1 - - [15/Dec/2025 23:34:56] "GET /static/Logo.jpg HTTP/1.1" 200 -
2025-12-15 23:36:15,795 - INFO - Model loaded successfully
2025-12-15 23:36:15,807 - INFO - [31m[1mWARNING: This is a development server. Do not use it in a production deployment. Use a production WSGI server instead.[0m
 * Running on http://127.0.0.1:5000
2025-12-15 23:36:15,807 - INFO - [33mPress CTRL+C to quit[0m
2025-12-15 23:36:17,270 - INFO - 127.0.0.1 - - [15/Dec/2025 23:36:17] "GET / HTTP/1.1" 200 -
2025-12-15 23:36:17,426 - INFO - 127.0.0.1 - - [15/Dec/2025 23:36:17] "[36mGET /static/Logo.jpg HTTP/1.1[0m" 304 -
2025-12-15 23:41:13,232 - INFO - Model loaded successfully
2025-12-15 23:41:13,244 - INFO - [31m[1mWARNING: This is a development server. Do not use it in a production deployment. Use a production WSGI server instead.[0m
 * Running on http://127.0.0.1:5000
2025-12-15 23:41:13,244 - INFO - [33mPress CTRL+C to quit[0m
2025-12-15 23:41:15,102 - INFO - 127.0.0.1 - - [15/Dec/2025 23:41:15] "GET / HTTP/1.1" 200 -
2025-12-15 23:41:15,233 - INFO - 127.0.0.1 - - [15/Dec/2025 23:41:15] "[36mGET /static/Logo.jpg HTTP/1.1[0m" 304 -
2025-12-15 23:49:04,513 - INFO - Model loaded successfully
2025-12-15 23:49:04,535 - INFO - [31m[1mWARNING: This is a development server. Do not use it in a production deployment. Use a production WSGI server instead.[0m
 * Running on http://127.0.0.1:5000
2025-12-15 23:49:04,535 - INFO - [33mPress CTRL+C to quit[0m
2025-12-15 23:49:12,382 - INFO - 127.0.0.1 - - [15/Dec/2025 23:49:12] "GET / HTTP/1.1" 200 -
2025-12-15 23:49:12,507 - INFO - 127.0.0.1 - - [15/Dec/2025 23:49:12] "[36mGET /static/Logo.jpg HTTP/1.1[0m" 304 -
2025-12-15 23:52:17,495 - INFO - Model loaded successfully
2025-12-15 23:52:17,504 - INFO - [31m[1mWARNING: This is a development server. Do not use it in a production deployment. Use a production WSGI server instead.[0m
 * Running on http://127.0.0.1:5000
2025-12-15 23:52:17,504 - INFO - [33mPress CTRL+C to quit[0m
2025-12-15 23:52:19,494 - INFO - 127.0.0.1 - - [15/Dec/2025 23:52:19] "GET / HTTP/1.1" 200 -
2025-12-15 23:52:20,101 - INFO - 127.0.0.1 - - [15/Dec/2025 23:52:20] "[36mGET /static/Logo.jpg HTTP/1.1[0m" 304 -
2025-12-15 23:53:35,269 - INFO - Model loaded successfully
2025-12-15 23:53:35,277 - INFO - [31m[1mWARNING: This is a development server. Do not use it in a production deployment. Use a production WSGI server instead.[0m
 * Running on http://127.0.0.1:5000
2025-12-15 23:53:35,278 - INFO - [33mPress CTRL+C to quit[0m
2025-12-15 23:53:37,379 - INFO - 127.0.0.1 - - [15/Dec/2025 23:53:37] "GET / HTTP/1.1" 200 -
2025-12-15 23:53:37,920 - INFO - 127.0.0.1 - - [15/Dec/2025 23:53:37] "[36mGET /static/Logo.jpg HTTP/1.1[0m" 304 -
2025-12-15 23:53:39,851 - INFO - 127.0.0.1 - - [15/Dec/2025 23:53:39] "[33mGET /favicon.ico HTTP/1.1[0m" 404 -
2025-12-15 23:57:05,917 - INFO - Model loaded successfully
2025-12-15 23:57:05,925 - INFO - [31m[1mWARNING: This is a development server. Do not use it in a production deployment. Use a production WSGI server instead.[0m
 * Running on http://127.0.0.1:5000
2025-12-15 23:57:05,925 - INFO - [33mPress CTRL+C to quit[0m
2025-12-15 23:57:08,298 - INFO - 127.0.0.1 - - [15/Dec/2025 23:57:08] "GET / HTTP/1.1" 200 -
2025-12-15 23:57:08,898 - INFO - 127.0.0.1 - - [15/Dec/2025 23:57:08] "[36mGET /static/Logo.jpg HTTP/1.1[0m" 304 -
2025-12-15 23:57:39,777 - INFO - 127.0.0.1 - - [15/Dec/2025 23:57:39] "[33mGET /favicon.ico HTTP/1.1[0m" 404 -
2025-12-15 23:58:01,510 - INFO - Model loaded successfully
2025-12-15 23:58:01,523 - INFO - [31m[1mWARNING: This is a development server. Do not use it in a production deployment. Use a production WSGI server instead.[0m
 * Running on http://127.0.0.1:5000
2025-12-15 23:58:01,524 - INFO - [33mPress CTRL+C to quit[0m
2025-12-15 23:58:03,970 - INFO - 127.0.0.1 - - [15/Dec/2025 23:58:03] "GET / HTTP/1.1" 200 -
2025-12-15 23:58:04,635 - INFO - 127.0.0.1 - - [15/Dec/2025 23:58:04] "[36mGET /static/Logo.jpg HTTP/1.1[0m" 304 -
2025-12-15 23:58:19,179 - INFO - 127.0.0.1 - - [15/Dec/2025 23:58:19] "GET / HTTP/1.1" 200 -
2025-12-15 23:58:19,659 - INFO - 127.0.0.1 - - [15/Dec/2025 23:58:19] "[36mGET /static/Logo.jpg HTTP/1.1[0m" 304 -
2025-12-15 23:58:27,076 - INFO - 127.0.0.1 - - [15/Dec/2025 23:58:27] "[33mGET /favicon.ico HTTP/1.1[0m" 404 -
2025-12-16 00:01:58,373 - INFO - Model loaded successfully
2025-12-16 00:01:58,382 - INFO - [31m[1mWARNING: This is a development server. Do not use it in a production deployment. Use a production WSGI server instead.[0m
 * Running on http://127.0.0.1:5000
2025-12-16 00:01:58,383 - INFO - [33mPress CTRL+C to quit[0m
2025-12-16 00:02:00,209 - INFO - 127.0.0.1 - - [16/Dec/2025 00:02:00] "GET / HTTP/1.1" 200 -
2025-12-16 00:02:00,761 - INFO - 127.0.0.1 - - [16/Dec/2025 00:02:00] "[36mGET /static/Logo.jpg HTTP/1.1[0m" 304 -
2025-12-16 00:02:08,058 - INFO - 127.0.0.1 - - [16/Dec/2025 00:02:08] "[33mGET /favicon.ico HTTP/1.1[0m" 404 -
2025-12-16 00:04:29,265 - INFO - Model loaded successfully
2025-12-16 00:04:29,279 - INFO - [31m[1mWARNING: This is a development server. Do not use it in a production deployment. Use a production WSGI server instead.[0m
 * Running on http://127.0.0.1:5000
2025-12-16 00:04:29,279 - INFO - [33mPress CTRL+C to quit[0m
2025-12-16 00:04:31,243 - INFO - 127.0.0.1 - - [16/Dec/2025 00:04:31] "GET / HTTP/1.1" 200 -
2025-12-16 00:04:31,900 - INFO - 127.0.0.1 - - [16/Dec/2025 00:04:31] "[36mGET /static/Logo.jpg HTTP/1.1[0m" 304 -
2025-12-16 00:05:06,660 - INFO - Model loaded successfully
2025-12-16 00:05:06,668 - INFO - [31m[1mWARNING: This is a development server. Do not use it in a production deployment. Use a production WSGI server instead.[0m
 * Running on http://127.0.0.1:5000
2025-12-16 00:05:06,668 - INFO - [33mPress CTRL+C to quit[0m
2025-12-16 00:05:09,350 - INFO - 127.0.0.1 - - [16/Dec/2025 00:05:09] "GET / HTTP/1.1" 200 -
2025-12-16 00:05:10,011 - INFO - 127.0.0.1 - - [16/Dec/2025 00:05:10] "[36mGET /static/Logo.jpg HTTP/1.1[0m" 304 -
2025-12-16 00:07:05,067 - INFO - Model loaded successfully
2025-12-16 00:07:05,077 - INFO - [31m[1mWARNING: This is a development server. Do not use it in a production deployment. Use a production WSGI server instead.[0m
 * Running on http://127.0.0.1:5000
2025-12-16 00:07:05,077 - INFO - [33mPress CTRL+C to quit[0m
2025-12-16 00:07:06,406 - INFO - 127.0.0.1 - - [16/Dec/2025 00:07:06] "GET / HTTP/1.1" 200 -
2025-12-16 00:07:06,961 - INFO - 127.0.0.1 - - [16/Dec/2025 00:07:06] "[36mGET /static/Logo.jpg HTTP/1.1[0m" 304 -
2025-12-16 00:07:12,129 - INFO - 127.0.0.1 - - [16/Dec/2025 00:07:12] "[33mGET /favicon.ico HTTP/1.1[0m" 404 -
2025-12-16 00:16:12,368 - INFO - Model loaded successfully
2025-12-16 00:16:12,476 - INFO - [31m[1mWARNING: This is a development server. Do not use it in a production deployment. Use a production WSGI server instead.[0m
 * Running on http://127.0.0.1:5000
2025-12-16 00:16:12,476 - INFO - [33mPress CTRL+C to quit[0m
2025-12-16 00:16:14,807 - INFO - 127.0.0.1 - - [16/Dec/2025 00:16:14] "GET / HTTP/1.1" 200 -
2025-12-16 00:16:15,535 - INFO - 127.0.0.1 - - [16/Dec/2025 00:16:15] "[36mGET /static/Logo.jpg HTTP/1.1[0m" 304 -
2025-12-16 00:17:06,039 - INFO - 127.0.0.1 - - [16/Dec/2025 00:17:06] "GET / HTTP/1.1" 200 -
2025-12-16 00:17:06,184 - INFO - 127.0.0.1 - - [16/Dec/2025 00:17:06] "[36mGET /static/Logo.jpg HTTP/1.1[0m" 304 -
2025-12-16 00:19:56,524 - INFO - Model loaded successfully
2025-12-16 00:19:56,533 - INFO - [31m[1mWARNING: This is a development server. Do not use it in a production deployment. Use a production WSGI server instead.[0m
 * Running on http://127.0.0.1:5000
2025-12-16 00:19:56,533 - INFO - [33mPress CTRL+C to quit[0m
2025-12-16 00:19:58,829 - INFO - 127.0.0.1 - - [16/Dec/2025 00:19:58] "GET / HTTP/1.1" 200 -
2025-12-16 00:19:59,424 - INFO - 127.0.0.1 - - [16/Dec/2025 00:19:59] "[36mGET /static/Logo.jpg HTTP/1.1[0m" 304 -
2025-12-16 00:21:20,132 - INFO - fake008_1765815676.jpg | Fake | 97.82
2025-12-16 00:21:20,133 - INFO - 127.0.0.1 - - [16/Dec/2025 00:21:20] "POST /predict HTTP/1.1" 200 -
2025-12-16 00:21:36,912 - INFO - WhatsApp_Image_2025-12-14_at_4.32.02_PM_1765815695.jpeg | Fake | 86.64
2025-12-16 00:21:36,913 - INFO - 127.0.0.1 - - [16/Dec/2025 00:21:36] "POST /predict HTTP/1.1" 200 -
2025-12-16 00:21:50,693 - INFO - passport_detail_page_page-0001_1765815709.jpg | Real | 85.18
2025-12-16 00:21:50,696 - INFO - 127.0.0.1 - - [16/Dec/2025 00:21:50] "POST /predict HTTP/1.1" 200 -
2025-12-16 00:22:00,634 - INFO - WhatsApp_Image_2025-11-24_at_5.56.20_PM_1765815719.jpeg | Fake | 53.59
2025-12-16 00:22:00,635 - INFO - 127.0.0.1 - - [16/Dec/2025 00:22:00] "POST /predict HTTP/1.1" 200 -
2025-12-16 00:22:12,475 - INFO - hussain_photo_1765815731.jpeg | Real | 99.98
2025-12-16 00:22:12,480 - INFO - 127.0.0.1 - - [16/Dec/2025 00:22:12] "POST /predict HTTP/1.1" 200 -
2025-12-16 00:22:25,657 - INFO - TTK_2025_1765815744.jpg | Real | 99.92
2025-12-16 00:22:25,660 - INFO - 127.0.0.1 - - [16/Dec/2025 00:22:25] "POST /predict HTTP/1.1" 200 -
2025-12-16 00:22:36,482 - INFO - c5d4da66-58f7-4bae-86a3-292dd7ba6ee3_1765815755.png | Real | 85.5
2025-12-16 00:22:36,485 - INFO - 127.0.0.1 - - [16/Dec/2025 00:22:36] "POST /predict HTTP/1.1" 200 -
2025-12-16 00:22:54,044 - INFO - 2_1765815773.jpg | Real | 63.3
2025-12-16 00:22:54,050 - INFO - 127.0.0.1 - - [16/Dec/2025 00:22:54] "POST /predict HTTP/1.1" 200 -
2025-12-16 00:23:06,331 - INFO - BI220011_1765815785.jpg | Real | 99.95
2025-12-16 00:23:06,332 - INFO - 127.0.0.1 - - [16/Dec/2025 00:23:06] "POST /predict HTTP/1.1" 200 -
2025-12-16 00:23:18,303 - INFO - BI220014_1765815797.jpg | Real | 99.98
2025-12-16 00:23:18,305 - INFO - 127.0.0.1 - - [16/Dec/2025 00:23:18] "POST /predict HTTP/1.1" 200 -
2025-12-16 00:23:31,129 - INFO - OOAREEE_1765815810.jpeg | Real | 99.87
2025-12-16 00:23:31,130 - INFO - 127.0.0.1 - - [16/Dec/2025 00:23:31] "POST /predict HTTP/1.1" 200 -
2025-12-16 00:23:37,652 - INFO - DXNBJKTRD_1765815816.jpeg | Real | 99.97
2025-12-16 00:23:37,653 - INFO - 127.0.0.1 - - [16/Dec/2025 00:23:37] "POST /predict HTTP/1.1" 200 -
2025-12-16 00:24:23,123 - INFO - Model loaded successfully
2025-12-16 00:24:23,141 - INFO - [31m[1mWARNING: This is a development server. Do not use it in a production deployment. Use a production WSGI server instead.[0m
 * Running on http://127.0.0.1:5000
2025-12-16 00:24:23,142 - INFO - [33mPress CTRL+C to quit[0m
2025-12-16 00:24:24,821 - INFO - 127.0.0.1 - - [16/Dec/2025 00:24:24] "GET / HTTP/1.1" 200 -
2025-12-16 00:24:25,595 - INFO - 127.0.0.1 - - [16/Dec/2025 00:24:25] "[36mGET /static/Logo.jpg HTTP/1.1[0m" 304 -
2025-12-16 00:24:33,684 - INFO - OSOGIESHGIUG_1765815870.jpeg | Real | 4
2025-12-16 00:24:33,686 - INFO - 127.0.0.1 - - [16/Dec/2025 00:24:33] "POST /predict HTTP/1.1" 200 -
2025-12-16 00:24:41,264 - INFO - DXNBJKTRD_1765815879.jpeg | Real | 4
2025-12-16 00:24:41,266 - INFO - 127.0.0.1 - - [16/Dec/2025 00:24:41] "POST /predict HTTP/1.1" 200 -
2025-12-16 00:24:47,740 - INFO - JMAEEL_1765815886.jpeg | Real | 4
2025-12-16 00:24:47,742 - INFO - 127.0.0.1 - - [16/Dec/2025 00:24:47] "POST /predict HTTP/1.1" 200 -
2025-12-16 00:25:24,858 - INFO - Model loaded successfully
2025-12-16 00:25:24,870 - INFO - [31m[1mWARNING: This is a development server. Do not use it in a production deployment. Use a production WSGI server instead.[0m
 * Running on http://127.0.0.1:5000
2025-12-16 00:25:24,870 - INFO - [33mPress CTRL+C to quit[0m
2025-12-16 00:25:26,377 - INFO - 127.0.0.1 - - [16/Dec/2025 00:25:26] "GET / HTTP/1.1" 200 -
2025-12-16 00:25:26,972 - INFO - 127.0.0.1 - - [16/Dec/2025 00:25:26] "[36mGET /static/Logo.jpg HTTP/1.1[0m" 304 -
2025-12-16 00:25:36,389 - INFO - BALLOARVB_1765815932.jpeg | Real | 4
2025-12-16 00:25:36,391 - INFO - 127.0.0.1 - - [16/Dec/2025 00:25:36] "POST /predict HTTP/1.1" 200 -
2025-12-16 00:25:40,254 - INFO - BALLOARVB_1765815939.jpeg | Real | 4
2025-12-16 00:25:40,259 - INFO - 127.0.0.1 - - [16/Dec/2025 00:25:40] "POST /predict HTTP/1.1" 200 -
2025-12-16 00:25:49,105 - INFO - OOAREEE_1765815948.jpeg | Real | 4
2025-12-16 00:25:49,107 - INFO - 127.0.0.1 - - [16/Dec/2025 00:25:49] "POST /predict HTTP/1.1" 200 -
2025-12-16 00:26:04,468 - INFO - Model loaded successfully
2025-12-16 00:26:04,479 - INFO - [31m[1mWARNING: This is a development server. Do not use it in a production deployment. Use a production WSGI server instead.[0m
 * Running on http://127.0.0.1:5000
2025-12-16 00:26:04,479 - INFO - [33mPress CTRL+C to quit[0m
2025-12-16 00:26:06,215 - INFO - 127.0.0.1 - - [16/Dec/2025 00:26:06] "GET / HTTP/1.1" 200 -
2025-12-16 00:26:06,866 - INFO - 127.0.0.1 - - [16/Dec/2025 00:26:06] "[36mGET /static/Logo.jpg HTTP/1.1[0m" 304 -
2025-12-16 00:26:21,048 - INFO - OSOGIESHGIUG_1765815977.jpeg | Real | 100.0
2025-12-16 00:26:21,050 - INFO - 127.0.0.1 - - [16/Dec/2025 00:26:21] "POST /predict HTTP/1.1" 200 -
2025-12-16 00:26:27,651 - INFO - OSOGIESHGIUG_1765815986.jpeg | Real | 100.0
2025-12-16 00:26:27,654 - INFO - 127.0.0.1 - - [16/Dec/2025 00:26:27] "POST /predict HTTP/1.1" 200 -
2025-12-16 00:26:34,285 - INFO - SNOSIWSG_1765815992.jpeg | Real | 99.93
2025-12-16 00:26:34,286 - INFO - 127.0.0.1 - - [16/Dec/2025 00:26:34] "POST /predict HTTP/1.1" 200 -
2025-12-16 00:26:45,684 - INFO - SNOSIWSG_1765816004.jpeg | Real | 99.93
2025-12-16 00:26:45,685 - INFO - 127.0.0.1 - - [16/Dec/2025 00:26:45] "POST /predict HTTP/1.1" 200 -
2025-12-16 00:26:48,625 - INFO - SNOSIWSG_1765816007.jpeg | Real | 99.93
2025-12-16 00:26:48,627 - INFO - 127.0.0.1 - - [16/Dec/2025 00:26:48] "POST /predict HTTP/1.1" 200 -
2025-12-16 00:31:42,604 - INFO - fake008_1765816301.jpg | Fake | 97.82
2025-12-16 00:31:42,623 - INFO - 127.0.0.1 - - [16/Dec/2025 00:31:42] "POST /predict HTTP/1.1" 200 -
2025-12-16 00:35:46,589 - INFO - WhatsApp_Image_2025-12-14_at_4.32.02_PM_1765816545.jpeg | Fake | 86.64
2025-12-16 00:35:46,590 - INFO - 127.0.0.1 - - [16/Dec/2025 00:35:46] "POST /predict HTTP/1.1" 200 -
2025-12-16 00:36:02,420 - INFO - BI220011_1765816561.jpg | Real | 99.95
2025-12-16 00:36:02,421 - INFO - 127.0.0.1 - - [16/Dec/2025 00:36:02] "POST /predict HTTP/1.1" 200 -
2025-12-16 00:43:00,304 - INFO - Model loaded successfully
2025-12-16 00:43:00,333 - INFO - [31m[1mWARNING: This is a development server. Do not use it in a production deployment. Use a production WSGI server instead.[0m
 * Running on http://127.0.0.1:5000
2025-12-16 00:43:00,333 - INFO - [33mPress CTRL+C to quit[0m
2025-12-16 00:43:02,200 - INFO - 127.0.0.1 - - [16/Dec/2025 00:43:02] "GET / HTTP/1.1" 200 -
2025-12-16 00:43:02,715 - INFO - 127.0.0.1 - - [16/Dec/2025 00:43:02] "[36mGET /static/Logo.jpg HTTP/1.1[0m" 304 -
2025-12-16 00:43:13,049 - INFO - BI220014_1765816989.jpg | Real | 99.98
2025-12-16 00:43:13,050 - INFO - 127.0.0.1 - - [16/Dec/2025 00:43:13] "POST /predict HTTP/1.1" 200 -
2025-12-16 00:43:29,112 - INFO - fake008_1765817008.jpg | Fake | 97.82
2025-12-16 00:43:29,113 - INFO - 127.0.0.1 - - [16/Dec/2025 00:43:29] "POST /predict HTTP/1.1" 200 -
2025-12-16 21:33:49,304 - INFO - Model loaded successfully
2025-12-16 21:33:49,338 - INFO - [31m[1mWARNING: This is a development server. Do not use it in a production deployment. Use a production WSGI server instead.[0m
 * Running on http://127.0.0.1:5000
2025-12-16 21:33:49,338 - INFO - [33mPress CTRL+C to quit[0m
2025-12-16 21:33:52,404 - INFO - 127.0.0.1 - - [16/Dec/2025 21:33:52] "GET / HTTP/1.1" 200 -
2025-12-16 21:33:52,979 - INFO - 127.0.0.1 - - [16/Dec/2025 21:33:52] "[36mGET /static/Logo.jpg HTTP/1.1[0m" 304 -
2025-12-16 21:33:59,377 - INFO - 127.0.0.1 - - [16/Dec/2025 21:33:59] "[33mGET /favicon.ico HTTP/1.1[0m" 404 -
2025-12-16 21:53:18,592 - INFO - RESBSN_1765893195.jpeg | Real | 100.0
2025-12-16 21:53:18,593 - INFO - 127.0.0.1 - - [16/Dec/2025 21:53:18] "POST /predict HTTP/1.1" 200 -
2025-12-16 21:53:26,692 - INFO - SGEUYFUAE_1765893205.jpeg | Real | 98.05
2025-12-16 21:53:26,695 - INFO - 127.0.0.1 - - [16/Dec/2025 21:53:26] "POST /predict HTTP/1.1" 200 -
2025-12-16 21:53:35,292 - INFO - WESHEJSDKB_1765893214.jpeg | Real | 99.86
2025-12-16 21:53:35,294 - INFO - 127.0.0.1 - - [16/Dec/2025 21:53:35] "POST /predict HTTP/1.1" 200 -
2025-12-16 21:54:04,491 - INFO - RTESRDUG_1765893243.jpeg | Real | 100.0
2025-12-16 21:54:04,492 - INFO - 127.0.0.1 - - [16/Dec/2025 21:54:04] "POST /predict HTTP/1.1" 200 -
2025-12-16 21:54:12,774 - INFO - VBDBGNSG_1765893252.jpeg | Real | 99.83
2025-12-16 21:54:12,775 - INFO - 127.0.0.1 - - [16/Dec/2025 21:54:12] "POST /predict HTTP/1.1" 200 -
2025-12-16 21:54:27,000 - INFO - 00Y1BXXWM2_1765893266.jpg | Fake | 92.13
2025-12-16 21:54:27,001 - INFO - 127.0.0.1 - - [16/Dec/2025 21:54:27] "POST /predict HTTP/1.1" 200 -
2025-12-16 21:54:33,836 - INFO - 00S2D5CDKQ_1765893273.jpg | Fake | 98.5
2025-12-16 21:54:33,840 - INFO - 127.0.0.1 - - [16/Dec/2025 21:54:33] "POST /predict HTTP/1.1" 200 -
2025-12-16 21:54:47,619 - INFO - AJFKSARJGES_1765893286.jpeg | Real | 99.92
2025-12-16 21:54:47,621 - INFO - 127.0.0.1 - - [16/Dec/2025 21:54:47] "POST /predict HTTP/1.1" 200 -
2025-12-16 21:54:57,268 - INFO - VAMPIRE_1765893296.jpeg | Real | 100.0
2025-12-16 21:54:57,269 - INFO - 127.0.0.1 - - [16/Dec/2025 21:54:57] "POST /predict HTTP/1.1" 200 -
2025-12-16 21:55:04,187 - INFO - 00C64W8TYZ_1765893303.jpg | Fake | 95.73
2025-12-16 21:55:04,189 - INFO - 127.0.0.1 - - [16/Dec/2025 21:55:04] "POST /predict HTTP/1.1" 200 -
2025-12-16 21:55:23,452 - INFO - 127.0.0.1 - - [16/Dec/2025 21:55:23] "[33mGET /favicon.ico HTTP/1.1[0m" 404 -
2025-12-16 22:01:18,029 - INFO - Model loaded successfully
2025-12-16 22:01:18,036 - INFO - [31m[1mWARNING: This is a development server. Do not use it in a production deployment. Use a production WSGI server instead.[0m
 * Running on http://127.0.0.1:5000
2025-12-16 22:01:18,037 - INFO - [33mPress CTRL+C to quit[0m
2025-12-16 22:01:21,265 - INFO - 127.0.0.1 - - [16/Dec/2025 22:01:21] "GET / HTTP/1.1" 200 -
2025-12-16 22:01:21,770 - INFO - 127.0.0.1 - - [16/Dec/2025 22:01:21] "[36mGET /static/Logo.jpg HTTP/1.1[0m" 304 -
